{"C:\\Users\\MARIANA\\Downloads\\ecommerce_entrega_final\\src\\app.js": {"path":"C:\\Users\\MARIANA\\Downloads\\ecommerce_entrega_final\\src\\app.js","statementMap":{"0":{"start":{"line":24,"column":19},"end":{"line":24,"column":49}},"1":{"start":{"line":25,"column":18},"end":{"line":25,"column":42}},"2":{"start":{"line":27,"column":12},"end":{"line":27,"column":21}},"3":{"start":{"line":30,"column":0},"end":{"line":30,"column":24}},"4":{"start":{"line":31,"column":0},"end":{"line":31,"column":48}},"5":{"start":{"line":32,"column":0},"end":{"line":32,"column":56}},"6":{"start":{"line":33,"column":0},"end":{"line":33,"column":35}},"7":{"start":{"line":36,"column":0},"end":{"line":46,"column":2}},"8":{"start":{"line":42,"column":26},"end":{"line":42,"column":31}},"9":{"start":{"line":43,"column":20},"end":{"line":43,"column":27}},"10":{"start":{"line":47,"column":0},"end":{"line":47,"column":37}},"11":{"start":{"line":48,"column":0},"end":{"line":48,"column":48}},"12":{"start":{"line":51,"column":0},"end":{"line":54,"column":4}},"13":{"start":{"line":57,"column":0},"end":{"line":57,"column":37}},"14":{"start":{"line":58,"column":0},"end":{"line":58,"column":35}},"15":{"start":{"line":59,"column":0},"end":{"line":59,"column":41}},"16":{"start":{"line":60,"column":0},"end":{"line":60,"column":35}},"17":{"start":{"line":61,"column":0},"end":{"line":61,"column":52}},"18":{"start":{"line":62,"column":0},"end":{"line":62,"column":39}},"19":{"start":{"line":63,"column":0},"end":{"line":63,"column":35}},"20":{"start":{"line":64,"column":0},"end":{"line":64,"column":33}},"21":{"start":{"line":65,"column":0},"end":{"line":65,"column":26}},"22":{"start":{"line":68,"column":0},"end":{"line":68,"column":54}},"23":{"start":{"line":68,"column":27},"end":{"line":68,"column":52}},"24":{"start":{"line":71,"column":0},"end":{"line":71,"column":61}},"25":{"start":{"line":71,"column":33},"end":{"line":71,"column":59}}},"fnMap":{"0":{"name":"(anonymous_0)","decl":{"start":{"line":42,"column":16},"end":{"line":42,"column":17}},"loc":{"start":{"line":42,"column":26},"end":{"line":42,"column":31}},"line":42},"1":{"name":"(anonymous_1)","decl":{"start":{"line":43,"column":10},"end":{"line":43,"column":11}},"loc":{"start":{"line":43,"column":20},"end":{"line":43,"column":27}},"line":43},"2":{"name":"(anonymous_2)","decl":{"start":{"line":68,"column":13},"end":{"line":68,"column":14}},"loc":{"start":{"line":68,"column":27},"end":{"line":68,"column":52}},"line":68},"3":{"name":"(anonymous_3)","decl":{"start":{"line":71,"column":19},"end":{"line":71,"column":20}},"loc":{"start":{"line":71,"column":33},"end":{"line":71,"column":59}},"line":71}},"branchMap":{},"s":{"0":1,"1":1,"2":1,"3":1,"4":1,"5":1,"6":1,"7":1,"8":0,"9":0,"10":1,"11":1,"12":1,"13":1,"14":1,"15":1,"16":1,"17":1,"18":1,"19":1,"20":1,"21":1,"22":1,"23":0,"24":1,"25":0},"f":{"0":0,"1":0,"2":0,"3":0},"b":{},"inputSourceMap":null,"_coverageSchema":"1a1c01bbd47fc00a2c39e90264f33305004495a9","hash":"63a32c820e3a8ca99510c938d42e6f8c183d5608"}
,"C:\\Users\\MARIANA\\Downloads\\ecommerce_entrega_final\\src\\seed.js": {"path":"C:\\Users\\MARIANA\\Downloads\\ecommerce_entrega_final\\src\\seed.js","statementMap":{"0":{"start":{"line":5,"column":0},"end":{"line":5,"column":16}},"1":{"start":{"line":10,"column":17},"end":{"line":101,"column":1}},"2":{"start":{"line":108,"column":2},"end":{"line":151,"column":3}},"3":{"start":{"line":109,"column":4},"end":{"line":109,"column":53}},"4":{"start":{"line":112,"column":4},"end":{"line":112,"column":22}},"5":{"start":{"line":113,"column":4},"end":{"line":113,"column":41}},"6":{"start":{"line":116,"column":20},"end":{"line":116,"column":53}},"7":{"start":{"line":117,"column":4},"end":{"line":117,"column":70}},"8":{"start":{"line":120,"column":20},"end":{"line":120,"column":59}},"9":{"start":{"line":121,"column":4},"end":{"line":121,"column":74}},"10":{"start":{"line":124,"column":23},"end":{"line":124,"column":25}},"11":{"start":{"line":125,"column":4},"end":{"line":127,"column":7}},"12":{"start":{"line":126,"column":6},"end":{"line":126,"column":77}},"13":{"start":{"line":128,"column":4},"end":{"line":128,"column":47}},"14":{"start":{"line":129,"column":4},"end":{"line":131,"column":7}},"15":{"start":{"line":130,"column":6},"end":{"line":130,"column":58}},"16":{"start":{"line":134,"column":4},"end":{"line":134,"column":25}},"17":{"start":{"line":135,"column":4},"end":{"line":135,"column":46}},"18":{"start":{"line":136,"column":4},"end":{"line":136,"column":20}},"19":{"start":{"line":138,"column":4},"end":{"line":138,"column":51}},"20":{"start":{"line":139,"column":4},"end":{"line":141,"column":5}},"21":{"start":{"line":140,"column":6},"end":{"line":140,"column":47}},"22":{"start":{"line":144,"column":4},"end":{"line":148,"column":5}},"23":{"start":{"line":145,"column":6},"end":{"line":145,"column":27}},"24":{"start":{"line":147,"column":6},"end":{"line":147,"column":68}},"25":{"start":{"line":150,"column":4},"end":{"line":150,"column":20}},"26":{"start":{"line":155,"column":0},"end":{"line":155,"column":7}}},"fnMap":{"0":{"name":"seed","decl":{"start":{"line":107,"column":15},"end":{"line":107,"column":19}},"loc":{"start":{"line":107,"column":22},"end":{"line":152,"column":1}},"line":107},"1":{"name":"(anonymous_1)","decl":{"start":{"line":125,"column":20},"end":{"line":125,"column":21}},"loc":{"start":{"line":125,"column":31},"end":{"line":127,"column":5}},"line":125},"2":{"name":"(anonymous_2)","decl":{"start":{"line":129,"column":39},"end":{"line":129,"column":40}},"loc":{"start":{"line":129,"column":62},"end":{"line":131,"column":5}},"line":129}},"branchMap":{"0":{"loc":{"start":{"line":126,"column":38},"end":{"line":126,"column":71}},"type":"binary-expr","locations":[{"start":{"line":126,"column":38},"end":{"line":126,"column":66}},{"start":{"line":126,"column":70},"end":{"line":126,"column":71}}],"line":126},"1":{"loc":{"start":{"line":139,"column":4},"end":{"line":141,"column":5}},"type":"if","locations":[{"start":{"line":139,"column":4},"end":{"line":141,"column":5}},{"start":{},"end":{}}],"line":139}},"s":{"0":0,"1":0,"2":0,"3":0,"4":0,"5":0,"6":0,"7":0,"8":0,"9":0,"10":0,"11":0,"12":0,"13":0,"14":0,"15":0,"16":0,"17":0,"18":0,"19":0,"20":0,"21":0,"22":0,"23":0,"24":0,"25":0,"26":0},"f":{"0":0,"1":0,"2":0},"b":{"0":[0,0],"1":[0,0]},"inputSourceMap":null}
,"C:\\Users\\MARIANA\\Downloads\\ecommerce_entrega_final\\src\\controllers\\cartController.js": {"path":"C:\\Users\\MARIANA\\Downloads\\ecommerce_entrega_final\\src\\controllers\\cartController.js","statementMap":{"0":{"start":{"line":5,"column":26},"end":{"line":13,"column":1}},"1":{"start":{"line":6,"column":2},"end":{"line":12,"column":3}},"2":{"start":{"line":7,"column":20},"end":{"line":7,"column":53}},"3":{"start":{"line":8,"column":4},"end":{"line":8,"column":71}},"4":{"start":{"line":10,"column":4},"end":{"line":10,"column":52}},"5":{"start":{"line":11,"column":4},"end":{"line":11,"column":64}},"6":{"start":{"line":16,"column":23},"end":{"line":63,"column":1}},"7":{"start":{"line":17,"column":2},"end":{"line":62,"column":3}},"8":{"start":{"line":18,"column":20},"end":{"line":18,"column":30}},"9":{"start":{"line":19,"column":17},"end":{"line":19,"column":54}},"10":{"start":{"line":21,"column":4},"end":{"line":26,"column":5}},"11":{"start":{"line":22,"column":6},"end":{"line":24,"column":7}},"12":{"start":{"line":23,"column":8},"end":{"line":23,"column":91}},"13":{"start":{"line":25,"column":6},"end":{"line":25,"column":59}},"14":{"start":{"line":29,"column":23},"end":{"line":29,"column":24}},"15":{"start":{"line":30,"column":20},"end":{"line":30,"column":21}},"16":{"start":{"line":32,"column":4},"end":{"line":37,"column":5}},"17":{"start":{"line":33,"column":6},"end":{"line":35,"column":12}},"18":{"start":{"line":34,"column":8},"end":{"line":34,"column":60}},"19":{"start":{"line":36,"column":6},"end":{"line":36,"column":31}},"20":{"start":{"line":39,"column":4},"end":{"line":46,"column":5}},"21":{"start":{"line":40,"column":6},"end":{"line":45,"column":9}},"22":{"start":{"line":48,"column":4},"end":{"line":53,"column":7}},"23":{"start":{"line":55,"column":4},"end":{"line":55,"column":54}},"24":{"start":{"line":57,"column":4},"end":{"line":59,"column":5}},"25":{"start":{"line":58,"column":6},"end":{"line":58,"column":92}},"26":{"start":{"line":61,"column":4},"end":{"line":61,"column":53}},"27":{"start":{"line":66,"column":32},"end":{"line":123,"column":1}},"28":{"start":{"line":67,"column":2},"end":{"line":122,"column":3}},"29":{"start":{"line":68,"column":25},"end":{"line":68,"column":35}},"30":{"start":{"line":69,"column":29},"end":{"line":69,"column":37}},"31":{"start":{"line":71,"column":4},"end":{"line":105,"column":5}},"32":{"start":{"line":72,"column":19},"end":{"line":72,"column":76}},"33":{"start":{"line":73,"column":6},"end":{"line":73,"column":64}},"34":{"start":{"line":76,"column":21},"end":{"line":78,"column":49}},"35":{"start":{"line":80,"column":6},"end":{"line":86,"column":7}},"36":{"start":{"line":81,"column":8},"end":{"line":85,"column":11}},"37":{"start":{"line":89,"column":6},"end":{"line":89,"column":32}},"38":{"start":{"line":91,"column":21},"end":{"line":93,"column":49}},"39":{"start":{"line":95,"column":6},"end":{"line":103,"column":7}},"40":{"start":{"line":96,"column":8},"end":{"line":101,"column":9}},"41":{"start":{"line":97,"column":10},"end":{"line":100,"column":13}},"42":{"start":{"line":102,"column":8},"end":{"line":102,"column":51}},"43":{"start":{"line":104,"column":6},"end":{"line":104,"column":18}},"44":{"start":{"line":107,"column":4},"end":{"line":107,"column":66}},"45":{"start":{"line":109,"column":19},"end":{"line":111,"column":47}},"46":{"start":{"line":113,"column":4},"end":{"line":119,"column":5}},"47":{"start":{"line":114,"column":6},"end":{"line":118,"column":9}},"48":{"start":{"line":121,"column":4},"end":{"line":121,"column":65}},"49":{"start":{"line":126,"column":37},"end":{"line":160,"column":1}},"50":{"start":{"line":127,"column":2},"end":{"line":159,"column":3}},"51":{"start":{"line":128,"column":25},"end":{"line":128,"column":35}},"52":{"start":{"line":130,"column":4},"end":{"line":150,"column":5}},"53":{"start":{"line":131,"column":19},"end":{"line":131,"column":71}},"54":{"start":{"line":133,"column":6},"end":{"line":139,"column":7}},"55":{"start":{"line":134,"column":8},"end":{"line":138,"column":11}},"56":{"start":{"line":141,"column":6},"end":{"line":141,"column":36}},"57":{"start":{"line":143,"column":6},"end":{"line":148,"column":7}},"58":{"start":{"line":144,"column":8},"end":{"line":146,"column":9}},"59":{"start":{"line":145,"column":10},"end":{"line":145,"column":83}},"60":{"start":{"line":147,"column":8},"end":{"line":147,"column":51}},"61":{"start":{"line":149,"column":6},"end":{"line":149,"column":18}},"62":{"start":{"line":152,"column":4},"end":{"line":152,"column":68}},"63":{"start":{"line":154,"column":4},"end":{"line":156,"column":5}},"64":{"start":{"line":155,"column":6},"end":{"line":155,"column":106}},"65":{"start":{"line":158,"column":4},"end":{"line":158,"column":67}},"66":{"start":{"line":163,"column":37},"end":{"line":181,"column":1}},"67":{"start":{"line":164,"column":2},"end":{"line":180,"column":3}},"68":{"start":{"line":165,"column":25},"end":{"line":165,"column":35}},"69":{"start":{"line":166,"column":25},"end":{"line":166,"column":33}},"70":{"start":{"line":168,"column":4},"end":{"line":176,"column":5}},"71":{"start":{"line":169,"column":6},"end":{"line":169,"column":69}},"72":{"start":{"line":170,"column":6},"end":{"line":170,"column":40}},"73":{"start":{"line":172,"column":6},"end":{"line":174,"column":7}},"74":{"start":{"line":173,"column":8},"end":{"line":173,"column":51}},"75":{"start":{"line":175,"column":6},"end":{"line":175,"column":18}},"76":{"start":{"line":178,"column":4},"end":{"line":178,"column":58}},"77":{"start":{"line":179,"column":4},"end":{"line":179,"column":57}},"78":{"start":{"line":184,"column":26},"end":{"line":227,"column":1}},"79":{"start":{"line":185,"column":2},"end":{"line":226,"column":3}},"80":{"start":{"line":186,"column":20},"end":{"line":186,"column":30}},"81":{"start":{"line":187,"column":25},"end":{"line":187,"column":33}},"82":{"start":{"line":190,"column":4},"end":{"line":195,"column":5}},"83":{"start":{"line":191,"column":6},"end":{"line":193,"column":7}},"84":{"start":{"line":192,"column":8},"end":{"line":192,"column":96}},"85":{"start":{"line":194,"column":6},"end":{"line":194,"column":64}},"86":{"start":{"line":197,"column":4},"end":{"line":217,"column":5}},"87":{"start":{"line":198,"column":19},"end":{"line":198,"column":65}},"88":{"start":{"line":200,"column":6},"end":{"line":206,"column":7}},"89":{"start":{"line":201,"column":8},"end":{"line":205,"column":11}},"90":{"start":{"line":208,"column":6},"end":{"line":208,"column":36}},"91":{"start":{"line":210,"column":6},"end":{"line":215,"column":7}},"92":{"start":{"line":211,"column":8},"end":{"line":213,"column":9}},"93":{"start":{"line":212,"column":10},"end":{"line":212,"column":83}},"94":{"start":{"line":214,"column":8},"end":{"line":214,"column":51}},"95":{"start":{"line":216,"column":6},"end":{"line":216,"column":18}},"96":{"start":{"line":219,"column":4},"end":{"line":219,"column":57}},"97":{"start":{"line":221,"column":4},"end":{"line":223,"column":5}},"98":{"start":{"line":222,"column":6},"end":{"line":222,"column":95}},"99":{"start":{"line":225,"column":4},"end":{"line":225,"column":56}},"100":{"start":{"line":230,"column":25},"end":{"line":264,"column":1}},"101":{"start":{"line":231,"column":2},"end":{"line":263,"column":3}},"102":{"start":{"line":232,"column":20},"end":{"line":232,"column":30}},"103":{"start":{"line":234,"column":4},"end":{"line":254,"column":5}},"104":{"start":{"line":235,"column":19},"end":{"line":235,"column":54}},"105":{"start":{"line":237,"column":6},"end":{"line":243,"column":7}},"106":{"start":{"line":238,"column":8},"end":{"line":242,"column":11}},"107":{"start":{"line":245,"column":6},"end":{"line":245,"column":36}},"108":{"start":{"line":247,"column":6},"end":{"line":252,"column":7}},"109":{"start":{"line":248,"column":8},"end":{"line":250,"column":9}},"110":{"start":{"line":249,"column":10},"end":{"line":249,"column":83}},"111":{"start":{"line":251,"column":8},"end":{"line":251,"column":51}},"112":{"start":{"line":253,"column":6},"end":{"line":253,"column":18}},"113":{"start":{"line":256,"column":4},"end":{"line":256,"column":53}},"114":{"start":{"line":258,"column":4},"end":{"line":260,"column":5}},"115":{"start":{"line":259,"column":6},"end":{"line":259,"column":91}},"116":{"start":{"line":262,"column":4},"end":{"line":262,"column":52}}},"fnMap":{"0":{"name":"(anonymous_0)","decl":{"start":{"line":5,"column":26},"end":{"line":5,"column":27}},"loc":{"start":{"line":5,"column":46},"end":{"line":13,"column":1}},"line":5},"1":{"name":"(anonymous_1)","decl":{"start":{"line":16,"column":23},"end":{"line":16,"column":24}},"loc":{"start":{"line":16,"column":43},"end":{"line":63,"column":1}},"line":16},"2":{"name":"(anonymous_2)","decl":{"start":{"line":33,"column":42},"end":{"line":33,"column":43}},"loc":{"start":{"line":33,"column":59},"end":{"line":35,"column":7}},"line":33},"3":{"name":"(anonymous_3)","decl":{"start":{"line":66,"column":32},"end":{"line":66,"column":33}},"loc":{"start":{"line":66,"column":52},"end":{"line":123,"column":1}},"line":66},"4":{"name":"(anonymous_4)","decl":{"start":{"line":126,"column":37},"end":{"line":126,"column":38}},"loc":{"start":{"line":126,"column":57},"end":{"line":160,"column":1}},"line":126},"5":{"name":"(anonymous_5)","decl":{"start":{"line":163,"column":37},"end":{"line":163,"column":38}},"loc":{"start":{"line":163,"column":57},"end":{"line":181,"column":1}},"line":163},"6":{"name":"(anonymous_6)","decl":{"start":{"line":184,"column":26},"end":{"line":184,"column":27}},"loc":{"start":{"line":184,"column":46},"end":{"line":227,"column":1}},"line":184},"7":{"name":"(anonymous_7)","decl":{"start":{"line":230,"column":25},"end":{"line":230,"column":26}},"loc":{"start":{"line":230,"column":45},"end":{"line":264,"column":1}},"line":230}},"branchMap":{"0":{"loc":{"start":{"line":21,"column":4},"end":{"line":26,"column":5}},"type":"if","locations":[{"start":{"line":21,"column":4},"end":{"line":26,"column":5}},{"start":{},"end":{}}],"line":21},"1":{"loc":{"start":{"line":22,"column":6},"end":{"line":24,"column":7}},"type":"if","locations":[{"start":{"line":22,"column":6},"end":{"line":24,"column":7}},{"start":{},"end":{}}],"line":22},"2":{"loc":{"start":{"line":32,"column":4},"end":{"line":37,"column":5}},"type":"if","locations":[{"start":{"line":32,"column":4},"end":{"line":37,"column":5}},{"start":{},"end":{}}],"line":32},"3":{"loc":{"start":{"line":32,"column":8},"end":{"line":32,"column":49}},"type":"binary-expr","locations":[{"start":{"line":32,"column":8},"end":{"line":32,"column":21}},{"start":{"line":32,"column":25},"end":{"line":32,"column":49}}],"line":32},"4":{"loc":{"start":{"line":39,"column":4},"end":{"line":46,"column":5}},"type":"if","locations":[{"start":{"line":39,"column":4},"end":{"line":46,"column":5}},{"start":{},"end":{}}],"line":39},"5":{"loc":{"start":{"line":57,"column":4},"end":{"line":59,"column":5}},"type":"if","locations":[{"start":{"line":57,"column":4},"end":{"line":59,"column":5}},{"start":{},"end":{}}],"line":57},"6":{"loc":{"start":{"line":69,"column":12},"end":{"line":69,"column":24}},"type":"default-arg","locations":[{"start":{"line":69,"column":23},"end":{"line":69,"column":24}}],"line":69},"7":{"loc":{"start":{"line":76,"column":21},"end":{"line":78,"column":49}},"type":"binary-expr","locations":[{"start":{"line":76,"column":21},"end":{"line":76,"column":39}},{"start":{"line":76,"column":43},"end":{"line":76,"column":90}},{"start":{"line":77,"column":21},"end":{"line":77,"column":73}},{"start":{"line":78,"column":21},"end":{"line":78,"column":49}}],"line":76},"8":{"loc":{"start":{"line":80,"column":6},"end":{"line":86,"column":7}},"type":"if","locations":[{"start":{"line":80,"column":6},"end":{"line":86,"column":7}},{"start":{},"end":{}}],"line":80},"9":{"loc":{"start":{"line":91,"column":21},"end":{"line":93,"column":49}},"type":"binary-expr","locations":[{"start":{"line":91,"column":21},"end":{"line":91,"column":39}},{"start":{"line":91,"column":43},"end":{"line":91,"column":90}},{"start":{"line":92,"column":21},"end":{"line":92,"column":73}},{"start":{"line":93,"column":21},"end":{"line":93,"column":49}}],"line":91},"10":{"loc":{"start":{"line":95,"column":6},"end":{"line":103,"column":7}},"type":"if","locations":[{"start":{"line":95,"column":6},"end":{"line":103,"column":7}},{"start":{},"end":{}}],"line":95},"11":{"loc":{"start":{"line":96,"column":8},"end":{"line":101,"column":9}},"type":"if","locations":[{"start":{"line":96,"column":8},"end":{"line":101,"column":9}},{"start":{},"end":{}}],"line":96},"12":{"loc":{"start":{"line":109,"column":19},"end":{"line":111,"column":47}},"type":"binary-expr","locations":[{"start":{"line":109,"column":19},"end":{"line":109,"column":37}},{"start":{"line":109,"column":41},"end":{"line":109,"column":88}},{"start":{"line":110,"column":19},"end":{"line":110,"column":71}},{"start":{"line":111,"column":19},"end":{"line":111,"column":47}}],"line":109},"13":{"loc":{"start":{"line":113,"column":4},"end":{"line":119,"column":5}},"type":"if","locations":[{"start":{"line":113,"column":4},"end":{"line":119,"column":5}},{"start":{},"end":{}}],"line":113},"14":{"loc":{"start":{"line":133,"column":6},"end":{"line":139,"column":7}},"type":"if","locations":[{"start":{"line":133,"column":6},"end":{"line":139,"column":7}},{"start":{},"end":{}}],"line":133},"15":{"loc":{"start":{"line":143,"column":6},"end":{"line":148,"column":7}},"type":"if","locations":[{"start":{"line":143,"column":6},"end":{"line":148,"column":7}},{"start":{},"end":{}}],"line":143},"16":{"loc":{"start":{"line":144,"column":8},"end":{"line":146,"column":9}},"type":"if","locations":[{"start":{"line":144,"column":8},"end":{"line":146,"column":9}},{"start":{},"end":{}}],"line":144},"17":{"loc":{"start":{"line":154,"column":4},"end":{"line":156,"column":5}},"type":"if","locations":[{"start":{"line":154,"column":4},"end":{"line":156,"column":5}},{"start":{},"end":{}}],"line":154},"18":{"loc":{"start":{"line":172,"column":6},"end":{"line":174,"column":7}},"type":"if","locations":[{"start":{"line":172,"column":6},"end":{"line":174,"column":7}},{"start":{},"end":{}}],"line":172},"19":{"loc":{"start":{"line":190,"column":4},"end":{"line":195,"column":5}},"type":"if","locations":[{"start":{"line":190,"column":4},"end":{"line":195,"column":5}},{"start":{},"end":{}}],"line":190},"20":{"loc":{"start":{"line":191,"column":6},"end":{"line":193,"column":7}},"type":"if","locations":[{"start":{"line":191,"column":6},"end":{"line":193,"column":7}},{"start":{},"end":{}}],"line":191},"21":{"loc":{"start":{"line":200,"column":6},"end":{"line":206,"column":7}},"type":"if","locations":[{"start":{"line":200,"column":6},"end":{"line":206,"column":7}},{"start":{},"end":{}}],"line":200},"22":{"loc":{"start":{"line":210,"column":6},"end":{"line":215,"column":7}},"type":"if","locations":[{"start":{"line":210,"column":6},"end":{"line":215,"column":7}},{"start":{},"end":{}}],"line":210},"23":{"loc":{"start":{"line":211,"column":8},"end":{"line":213,"column":9}},"type":"if","locations":[{"start":{"line":211,"column":8},"end":{"line":213,"column":9}},{"start":{},"end":{}}],"line":211},"24":{"loc":{"start":{"line":221,"column":4},"end":{"line":223,"column":5}},"type":"if","locations":[{"start":{"line":221,"column":4},"end":{"line":223,"column":5}},{"start":{},"end":{}}],"line":221},"25":{"loc":{"start":{"line":237,"column":6},"end":{"line":243,"column":7}},"type":"if","locations":[{"start":{"line":237,"column":6},"end":{"line":243,"column":7}},{"start":{},"end":{}}],"line":237},"26":{"loc":{"start":{"line":247,"column":6},"end":{"line":252,"column":7}},"type":"if","locations":[{"start":{"line":247,"column":6},"end":{"line":252,"column":7}},{"start":{},"end":{}}],"line":247},"27":{"loc":{"start":{"line":248,"column":8},"end":{"line":250,"column":9}},"type":"if","locations":[{"start":{"line":248,"column":8},"end":{"line":250,"column":9}},{"start":{},"end":{}}],"line":248},"28":{"loc":{"start":{"line":258,"column":4},"end":{"line":260,"column":5}},"type":"if","locations":[{"start":{"line":258,"column":4},"end":{"line":260,"column":5}},{"start":{},"end":{}}],"line":258}},"s":{"0":1,"1":0,"2":0,"3":0,"4":0,"5":0,"6":1,"7":0,"8":0,"9":0,"10":0,"11":0,"12":0,"13":0,"14":0,"15":0,"16":0,"17":0,"18":0,"19":0,"20":0,"21":0,"22":0,"23":0,"24":0,"25":0,"26":0,"27":1,"28":0,"29":0,"30":0,"31":0,"32":0,"33":0,"34":0,"35":0,"36":0,"37":0,"38":0,"39":0,"40":0,"41":0,"42":0,"43":0,"44":0,"45":0,"46":0,"47":0,"48":0,"49":1,"50":0,"51":0,"52":0,"53":0,"54":0,"55":0,"56":0,"57":0,"58":0,"59":0,"60":0,"61":0,"62":0,"63":0,"64":0,"65":0,"66":1,"67":0,"68":0,"69":0,"70":0,"71":0,"72":0,"73":0,"74":0,"75":0,"76":0,"77":0,"78":1,"79":0,"80":0,"81":0,"82":0,"83":0,"84":0,"85":0,"86":0,"87":0,"88":0,"89":0,"90":0,"91":0,"92":0,"93":0,"94":0,"95":0,"96":0,"97":0,"98":0,"99":0,"100":1,"101":0,"102":0,"103":0,"104":0,"105":0,"106":0,"107":0,"108":0,"109":0,"110":0,"111":0,"112":0,"113":0,"114":0,"115":0,"116":0},"f":{"0":0,"1":0,"2":0,"3":0,"4":0,"5":0,"6":0,"7":0},"b":{"0":[0,0],"1":[0,0],"2":[0,0],"3":[0,0],"4":[0,0],"5":[0,0],"6":[0],"7":[0,0,0,0],"8":[0,0],"9":[0,0,0,0],"10":[0,0],"11":[0,0],"12":[0,0,0,0],"13":[0,0],"14":[0,0],"15":[0,0],"16":[0,0],"17":[0,0],"18":[0,0],"19":[0,0],"20":[0,0],"21":[0,0],"22":[0,0],"23":[0,0],"24":[0,0],"25":[0,0],"26":[0,0],"27":[0,0],"28":[0,0]},"inputSourceMap":null,"_coverageSchema":"1a1c01bbd47fc00a2c39e90264f33305004495a9","hash":"baed56e71f55e650fd6f015e7956dc17dd59097d"}
,"C:\\Users\\MARIANA\\Downloads\\ecommerce_entrega_final\\src\\controllers\\mocksController.js": {"path":"C:\\Users\\MARIANA\\Downloads\\ecommerce_entrega_final\\src\\controllers\\mocksController.js","statementMap":{"0":{"start":{"line":6,"column":30},"end":{"line":33,"column":1}},"1":{"start":{"line":7,"column":2},"end":{"line":32,"column":3}},"2":{"start":{"line":8,"column":31},"end":{"line":8,"column":40}},"3":{"start":{"line":9,"column":24},"end":{"line":9,"column":42}},"4":{"start":{"line":11,"column":4},"end":{"line":16,"column":5}},"5":{"start":{"line":12,"column":6},"end":{"line":15,"column":9}},"6":{"start":{"line":18,"column":21},"end":{"line":18,"column":50}},"7":{"start":{"line":20,"column":4},"end":{"line":24,"column":7}},"8":{"start":{"line":26,"column":4},"end":{"line":26,"column":60}},"9":{"start":{"line":27,"column":4},"end":{"line":31,"column":7}},"10":{"start":{"line":36,"column":31},"end":{"line":70,"column":1}},"11":{"start":{"line":37,"column":2},"end":{"line":69,"column":3}},"12":{"start":{"line":39,"column":22},"end":{"line":39,"column":43}},"13":{"start":{"line":42,"column":27},"end":{"line":55,"column":7}},"14":{"start":{"line":42,"column":59},"end":{"line":55,"column":5}},"15":{"start":{"line":57,"column":4},"end":{"line":61,"column":7}},"16":{"start":{"line":63,"column":4},"end":{"line":63,"column":64}},"17":{"start":{"line":64,"column":4},"end":{"line":68,"column":7}},"18":{"start":{"line":73,"column":28},"end":{"line":173,"column":1}},"19":{"start":{"line":74,"column":2},"end":{"line":172,"column":3}},"20":{"start":{"line":75,"column":65},"end":{"line":75,"column":73}},"21":{"start":{"line":77,"column":21},"end":{"line":77,"column":44}},"22":{"start":{"line":78,"column":20},"end":{"line":78,"column":42}},"23":{"start":{"line":80,"column":4},"end":{"line":85,"column":5}},"24":{"start":{"line":81,"column":6},"end":{"line":84,"column":9}},"25":{"start":{"line":87,"column":20},"end":{"line":96,"column":5}},"26":{"start":{"line":99,"column":4},"end":{"line":128,"column":5}},"27":{"start":{"line":100,"column":6},"end":{"line":127,"column":7}},"28":{"start":{"line":101,"column":26},"end":{"line":101,"column":53}},"29":{"start":{"line":104,"column":8},"end":{"line":122,"column":9}},"30":{"start":{"line":105,"column":10},"end":{"line":121,"column":11}},"31":{"start":{"line":107,"column":33},"end":{"line":107,"column":84}},"32":{"start":{"line":108,"column":12},"end":{"line":111,"column":13}},"33":{"start":{"line":110,"column":14},"end":{"line":110,"column":113}},"34":{"start":{"line":114,"column":12},"end":{"line":114,"column":54}},"35":{"start":{"line":115,"column":12},"end":{"line":115,"column":36}},"36":{"start":{"line":117,"column":12},"end":{"line":120,"column":15}},"37":{"start":{"line":124,"column":8},"end":{"line":126,"column":11}},"38":{"start":{"line":131,"column":4},"end":{"line":147,"column":5}},"39":{"start":{"line":132,"column":6},"end":{"line":146,"column":7}},"40":{"start":{"line":133,"column":25},"end":{"line":133,"column":50}},"41":{"start":{"line":136,"column":29},"end":{"line":136,"column":84}},"42":{"start":{"line":137,"column":8},"end":{"line":137,"column":51}},"43":{"start":{"line":140,"column":8},"end":{"line":142,"column":9}},"44":{"start":{"line":141,"column":10},"end":{"line":141,"column":59}},"45":{"start":{"line":143,"column":8},"end":{"line":145,"column":11}},"46":{"start":{"line":149,"column":4},"end":{"line":164,"column":7}},"47":{"start":{"line":166,"column":4},"end":{"line":166,"column":51}},"48":{"start":{"line":167,"column":4},"end":{"line":171,"column":7}}},"fnMap":{"0":{"name":"(anonymous_0)","decl":{"start":{"line":6,"column":30},"end":{"line":6,"column":31}},"loc":{"start":{"line":6,"column":50},"end":{"line":33,"column":1}},"line":6},"1":{"name":"(anonymous_1)","decl":{"start":{"line":36,"column":31},"end":{"line":36,"column":32}},"loc":{"start":{"line":36,"column":51},"end":{"line":70,"column":1}},"line":36},"2":{"name":"(anonymous_2)","decl":{"start":{"line":42,"column":41},"end":{"line":42,"column":42}},"loc":{"start":{"line":42,"column":59},"end":{"line":55,"column":5}},"line":42},"3":{"name":"(anonymous_3)","decl":{"start":{"line":73,"column":28},"end":{"line":73,"column":29}},"loc":{"start":{"line":73,"column":48},"end":{"line":173,"column":1}},"line":73}},"branchMap":{"0":{"loc":{"start":{"line":8,"column":12},"end":{"line":8,"column":26}},"type":"default-arg","locations":[{"start":{"line":8,"column":23},"end":{"line":8,"column":26}}],"line":8},"1":{"loc":{"start":{"line":11,"column":4},"end":{"line":16,"column":5}},"type":"if","locations":[{"start":{"line":11,"column":4},"end":{"line":16,"column":5}},{"start":{},"end":{}}],"line":11},"2":{"loc":{"start":{"line":11,"column":8},"end":{"line":11,"column":67}},"type":"binary-expr","locations":[{"start":{"line":11,"column":8},"end":{"line":11,"column":26}},{"start":{"line":11,"column":30},"end":{"line":11,"column":45}},{"start":{"line":11,"column":49},"end":{"line":11,"column":67}}],"line":11},"3":{"loc":{"start":{"line":75,"column":19},"end":{"line":75,"column":36}},"type":"default-arg","locations":[{"start":{"line":75,"column":35},"end":{"line":75,"column":36}}],"line":75},"4":{"loc":{"start":{"line":75,"column":44},"end":{"line":75,"column":60}},"type":"default-arg","locations":[{"start":{"line":75,"column":59},"end":{"line":75,"column":60}}],"line":75},"5":{"loc":{"start":{"line":80,"column":4},"end":{"line":85,"column":5}},"type":"if","locations":[{"start":{"line":80,"column":4},"end":{"line":85,"column":5}},{"start":{},"end":{}}],"line":80},"6":{"loc":{"start":{"line":80,"column":8},"end":{"line":80,"column":72}},"type":"binary-expr","locations":[{"start":{"line":80,"column":8},"end":{"line":80,"column":23}},{"start":{"line":80,"column":27},"end":{"line":80,"column":39}},{"start":{"line":80,"column":43},"end":{"line":80,"column":57}},{"start":{"line":80,"column":61},"end":{"line":80,"column":72}}],"line":80},"7":{"loc":{"start":{"line":99,"column":4},"end":{"line":128,"column":5}},"type":"if","locations":[{"start":{"line":99,"column":4},"end":{"line":128,"column":5}},{"start":{},"end":{}}],"line":99},"8":{"loc":{"start":{"line":108,"column":12},"end":{"line":111,"column":13}},"type":"if","locations":[{"start":{"line":108,"column":12},"end":{"line":111,"column":13}},{"start":{},"end":{}}],"line":108},"9":{"loc":{"start":{"line":131,"column":4},"end":{"line":147,"column":5}},"type":"if","locations":[{"start":{"line":131,"column":4},"end":{"line":147,"column":5}},{"start":{},"end":{}}],"line":131},"10":{"loc":{"start":{"line":140,"column":8},"end":{"line":142,"column":9}},"type":"if","locations":[{"start":{"line":140,"column":8},"end":{"line":142,"column":9}},{"start":{},"end":{}}],"line":140},"11":{"loc":{"start":{"line":156,"column":18},"end":{"line":156,"column":84}},"type":"cond-expr","locations":[{"start":{"line":156,"column":52},"end":{"line":156,"column":72}},{"start":{"line":156,"column":75},"end":{"line":156,"column":84}}],"line":156},"12":{"loc":{"start":{"line":161,"column":18},"end":{"line":161,"column":82}},"type":"cond-expr","locations":[{"start":{"line":161,"column":51},"end":{"line":161,"column":70}},{"start":{"line":161,"column":73},"end":{"line":161,"column":82}}],"line":161}},"s":{"0":1,"1":0,"2":0,"3":0,"4":0,"5":0,"6":0,"7":0,"8":0,"9":0,"10":1,"11":0,"12":0,"13":0,"14":0,"15":0,"16":0,"17":0,"18":1,"19":0,"20":0,"21":0,"22":0,"23":0,"24":0,"25":0,"26":0,"27":0,"28":0,"29":0,"30":0,"31":0,"32":0,"33":0,"34":0,"35":0,"36":0,"37":0,"38":0,"39":0,"40":0,"41":0,"42":0,"43":0,"44":0,"45":0,"46":0,"47":0,"48":0},"f":{"0":0,"1":0,"2":0,"3":0},"b":{"0":[0],"1":[0,0],"2":[0,0,0],"3":[0],"4":[0],"5":[0,0],"6":[0,0,0,0],"7":[0,0],"8":[0,0],"9":[0,0],"10":[0,0],"11":[0,0],"12":[0,0]},"inputSourceMap":null,"_coverageSchema":"1a1c01bbd47fc00a2c39e90264f33305004495a9","hash":"2f6a583d7c26227a78cb3627533e9f0119513088"}
,"C:\\Users\\MARIANA\\Downloads\\ecommerce_entrega_final\\src\\controllers\\passwordResetController.js": {"path":"C:\\Users\\MARIANA\\Downloads\\ecommerce_entrega_final\\src\\controllers\\passwordResetController.js","statementMap":{"0":{"start":{"line":6,"column":36},"end":{"line":55,"column":1}},"1":{"start":{"line":7,"column":2},"end":{"line":54,"column":3}},"2":{"start":{"line":8,"column":22},"end":{"line":8,"column":30}},"3":{"start":{"line":10,"column":4},"end":{"line":15,"column":5}},"4":{"start":{"line":11,"column":6},"end":{"line":14,"column":9}},"5":{"start":{"line":18,"column":17},"end":{"line":18,"column":59}},"6":{"start":{"line":21,"column":4},"end":{"line":27,"column":5}},"7":{"start":{"line":23,"column":6},"end":{"line":26,"column":9}},"8":{"start":{"line":30,"column":23},"end":{"line":30,"column":72}},"9":{"start":{"line":33,"column":4},"end":{"line":41,"column":5}},"10":{"start":{"line":34,"column":6},"end":{"line":34,"column":72}},"11":{"start":{"line":36,"column":6},"end":{"line":36,"column":57}},"12":{"start":{"line":37,"column":6},"end":{"line":40,"column":9}},"13":{"start":{"line":43,"column":4},"end":{"line":46,"column":7}},"14":{"start":{"line":48,"column":4},"end":{"line":48,"column":59}},"15":{"start":{"line":49,"column":4},"end":{"line":53,"column":7}},"16":{"start":{"line":58,"column":29},"end":{"line":101,"column":1}},"17":{"start":{"line":59,"column":2},"end":{"line":100,"column":3}},"18":{"start":{"line":60,"column":35},"end":{"line":60,"column":43}},"19":{"start":{"line":62,"column":4},"end":{"line":67,"column":5}},"20":{"start":{"line":63,"column":6},"end":{"line":66,"column":9}},"21":{"start":{"line":69,"column":4},"end":{"line":74,"column":5}},"22":{"start":{"line":70,"column":6},"end":{"line":73,"column":9}},"23":{"start":{"line":77,"column":4},"end":{"line":77,"column":65}},"24":{"start":{"line":79,"column":4},"end":{"line":82,"column":7}},"25":{"start":{"line":84,"column":21},"end":{"line":84,"column":24}},"26":{"start":{"line":85,"column":18},"end":{"line":85,"column":54}},"27":{"start":{"line":87,"column":4},"end":{"line":93,"column":5}},"28":{"start":{"line":88,"column":6},"end":{"line":88,"column":23}},"29":{"start":{"line":89,"column":6},"end":{"line":89,"column":30}},"30":{"start":{"line":90,"column":11},"end":{"line":93,"column":5}},"31":{"start":{"line":91,"column":6},"end":{"line":91,"column":23}},"32":{"start":{"line":92,"column":6},"end":{"line":92,"column":30}},"33":{"start":{"line":95,"column":4},"end":{"line":99,"column":7}}},"fnMap":{"0":{"name":"(anonymous_0)","decl":{"start":{"line":6,"column":36},"end":{"line":6,"column":37}},"loc":{"start":{"line":6,"column":56},"end":{"line":55,"column":1}},"line":6},"1":{"name":"(anonymous_1)","decl":{"start":{"line":58,"column":29},"end":{"line":58,"column":30}},"loc":{"start":{"line":58,"column":49},"end":{"line":101,"column":1}},"line":58}},"branchMap":{"0":{"loc":{"start":{"line":10,"column":4},"end":{"line":15,"column":5}},"type":"if","locations":[{"start":{"line":10,"column":4},"end":{"line":15,"column":5}},{"start":{},"end":{}}],"line":10},"1":{"loc":{"start":{"line":21,"column":4},"end":{"line":27,"column":5}},"type":"if","locations":[{"start":{"line":21,"column":4},"end":{"line":27,"column":5}},{"start":{},"end":{}}],"line":21},"2":{"loc":{"start":{"line":62,"column":4},"end":{"line":67,"column":5}},"type":"if","locations":[{"start":{"line":62,"column":4},"end":{"line":67,"column":5}},{"start":{},"end":{}}],"line":62},"3":{"loc":{"start":{"line":62,"column":8},"end":{"line":62,"column":30}},"type":"binary-expr","locations":[{"start":{"line":62,"column":8},"end":{"line":62,"column":14}},{"start":{"line":62,"column":18},"end":{"line":62,"column":30}}],"line":62},"4":{"loc":{"start":{"line":69,"column":4},"end":{"line":74,"column":5}},"type":"if","locations":[{"start":{"line":69,"column":4},"end":{"line":74,"column":5}},{"start":{},"end":{}}],"line":69},"5":{"loc":{"start":{"line":87,"column":4},"end":{"line":93,"column":5}},"type":"if","locations":[{"start":{"line":87,"column":4},"end":{"line":93,"column":5}},{"start":{"line":90,"column":11},"end":{"line":93,"column":5}}],"line":87},"6":{"loc":{"start":{"line":87,"column":8},"end":{"line":87,"column":80}},"type":"binary-expr","locations":[{"start":{"line":87,"column":8},"end":{"line":87,"column":42}},{"start":{"line":87,"column":46},"end":{"line":87,"column":80}}],"line":87},"7":{"loc":{"start":{"line":90,"column":11},"end":{"line":93,"column":5}},"type":"if","locations":[{"start":{"line":90,"column":11},"end":{"line":93,"column":5}},{"start":{},"end":{}}],"line":90}},"s":{"0":1,"1":0,"2":0,"3":0,"4":0,"5":0,"6":0,"7":0,"8":0,"9":0,"10":0,"11":0,"12":0,"13":0,"14":0,"15":0,"16":1,"17":0,"18":0,"19":0,"20":0,"21":0,"22":0,"23":0,"24":0,"25":0,"26":0,"27":0,"28":0,"29":0,"30":0,"31":0,"32":0,"33":0},"f":{"0":0,"1":0},"b":{"0":[0,0],"1":[0,0],"2":[0,0],"3":[0,0],"4":[0,0],"5":[0,0],"6":[0,0],"7":[0,0]},"inputSourceMap":null,"_coverageSchema":"1a1c01bbd47fc00a2c39e90264f33305004495a9","hash":"ec177db12b145651886b4838b8d14b2d63436f84"}
,"C:\\Users\\MARIANA\\Downloads\\ecommerce_entrega_final\\src\\controllers\\productController.js": {"path":"C:\\Users\\MARIANA\\Downloads\\ecommerce_entrega_final\\src\\controllers\\productController.js","statementMap":{"0":{"start":{"line":4,"column":27},"end":{"line":86,"column":1}},"1":{"start":{"line":5,"column":2},"end":{"line":85,"column":3}},"2":{"start":{"line":6,"column":50},"end":{"line":6,"column":59}},"3":{"start":{"line":9,"column":17},"end":{"line":9,"column":19}},"4":{"start":{"line":10,"column":4},"end":{"line":26,"column":5}},"5":{"start":{"line":11,"column":6},"end":{"line":22,"column":7}},"6":{"start":{"line":12,"column":8},"end":{"line":12,"column":53}},"7":{"start":{"line":15,"column":32},"end":{"line":15,"column":146}},"8":{"start":{"line":16,"column":8},"end":{"line":21,"column":9}},"9":{"start":{"line":17,"column":10},"end":{"line":17,"column":53}},"10":{"start":{"line":20,"column":10},"end":{"line":20,"column":36}},"11":{"start":{"line":25,"column":6},"end":{"line":25,"column":32}},"12":{"start":{"line":29,"column":20},"end":{"line":33,"column":5}},"13":{"start":{"line":36,"column":4},"end":{"line":38,"column":5}},"14":{"start":{"line":37,"column":6},"end":{"line":37,"column":56}},"15":{"start":{"line":41,"column":19},"end":{"line":41,"column":71}},"16":{"start":{"line":44,"column":21},"end":{"line":59,"column":5}},"17":{"start":{"line":62,"column":4},"end":{"line":64,"column":5}},"18":{"start":{"line":63,"column":6},"end":{"line":63,"column":32}},"19":{"start":{"line":67,"column":4},"end":{"line":71,"column":7}},"20":{"start":{"line":73,"column":4},"end":{"line":73,"column":56}},"21":{"start":{"line":75,"column":26},"end":{"line":78,"column":5}},"22":{"start":{"line":80,"column":4},"end":{"line":82,"column":5}},"23":{"start":{"line":81,"column":6},"end":{"line":81,"column":49}},"24":{"start":{"line":84,"column":4},"end":{"line":84,"column":55}},"25":{"start":{"line":89,"column":30},"end":{"line":120,"column":1}},"26":{"start":{"line":90,"column":2},"end":{"line":119,"column":3}},"27":{"start":{"line":91,"column":20},"end":{"line":91,"column":30}},"28":{"start":{"line":92,"column":20},"end":{"line":92,"column":63}},"29":{"start":{"line":94,"column":4},"end":{"line":99,"column":5}},"30":{"start":{"line":95,"column":6},"end":{"line":97,"column":7}},"31":{"start":{"line":96,"column":8},"end":{"line":96,"column":92}},"32":{"start":{"line":98,"column":6},"end":{"line":98,"column":60}},"33":{"start":{"line":102,"column":4},"end":{"line":104,"column":5}},"34":{"start":{"line":103,"column":6},"end":{"line":103,"column":63}},"35":{"start":{"line":107,"column":4},"end":{"line":110,"column":7}},"36":{"start":{"line":112,"column":4},"end":{"line":112,"column":55}},"37":{"start":{"line":114,"column":4},"end":{"line":116,"column":5}},"38":{"start":{"line":115,"column":6},"end":{"line":115,"column":93}},"39":{"start":{"line":118,"column":4},"end":{"line":118,"column":54}},"40":{"start":{"line":123,"column":29},"end":{"line":224,"column":1}},"41":{"start":{"line":124,"column":2},"end":{"line":223,"column":3}},"42":{"start":{"line":125,"column":85},"end":{"line":125,"column":93}},"43":{"start":{"line":128,"column":4},"end":{"line":136,"column":5}},"44":{"start":{"line":129,"column":6},"end":{"line":134,"column":7}},"45":{"start":{"line":130,"column":8},"end":{"line":133,"column":11}},"46":{"start":{"line":135,"column":6},"end":{"line":135,"column":71}},"47":{"start":{"line":141,"column":4},"end":{"line":149,"column":5}},"48":{"start":{"line":142,"column":6},"end":{"line":147,"column":7}},"49":{"start":{"line":143,"column":8},"end":{"line":146,"column":11}},"50":{"start":{"line":148,"column":6},"end":{"line":148,"column":69}},"51":{"start":{"line":151,"column":4},"end":{"line":159,"column":5}},"52":{"start":{"line":152,"column":6},"end":{"line":157,"column":7}},"53":{"start":{"line":153,"column":8},"end":{"line":156,"column":11}},"54":{"start":{"line":158,"column":6},"end":{"line":158,"column":68}},"55":{"start":{"line":162,"column":30},"end":{"line":162,"column":32}},"56":{"start":{"line":163,"column":4},"end":{"line":168,"column":5}},"57":{"start":{"line":164,"column":6},"end":{"line":167,"column":39}},"58":{"start":{"line":166,"column":20},"end":{"line":166,"column":30}},"59":{"start":{"line":167,"column":23},"end":{"line":167,"column":37}},"60":{"start":{"line":171,"column":20},"end":{"line":180,"column":6}},"61":{"start":{"line":182,"column":4},"end":{"line":182,"column":45}},"62":{"start":{"line":185,"column":4},"end":{"line":193,"column":5}},"63":{"start":{"line":188,"column":6},"end":{"line":192,"column":9}},"64":{"start":{"line":195,"column":4},"end":{"line":195,"column":30}},"65":{"start":{"line":197,"column":4},"end":{"line":197,"column":53}},"66":{"start":{"line":200,"column":19},"end":{"line":202,"column":71}},"67":{"start":{"line":204,"column":4},"end":{"line":212,"column":5}},"68":{"start":{"line":205,"column":6},"end":{"line":210,"column":7}},"69":{"start":{"line":206,"column":8},"end":{"line":209,"column":11}},"70":{"start":{"line":211,"column":6},"end":{"line":211,"column":49}},"71":{"start":{"line":214,"column":4},"end":{"line":220,"column":5}},"72":{"start":{"line":215,"column":6},"end":{"line":219,"column":9}},"73":{"start":{"line":222,"column":4},"end":{"line":222,"column":52}},"74":{"start":{"line":227,"column":29},"end":{"line":237,"column":1}},"75":{"start":{"line":228,"column":2},"end":{"line":236,"column":3}},"76":{"start":{"line":229,"column":20},"end":{"line":229,"column":30}},"77":{"start":{"line":230,"column":19},"end":{"line":230,"column":71}},"78":{"start":{"line":231,"column":4},"end":{"line":231,"column":71}},"79":{"start":{"line":231,"column":17},"end":{"line":231,"column":71}},"80":{"start":{"line":232,"column":4},"end":{"line":232,"column":30}},"81":{"start":{"line":234,"column":4},"end":{"line":234,"column":58}},"82":{"start":{"line":235,"column":4},"end":{"line":235,"column":57}},"83":{"start":{"line":240,"column":29},"end":{"line":284,"column":1}},"84":{"start":{"line":241,"column":2},"end":{"line":283,"column":3}},"85":{"start":{"line":242,"column":20},"end":{"line":242,"column":30}},"86":{"start":{"line":245,"column":19},"end":{"line":245,"column":61}},"87":{"start":{"line":247,"column":4},"end":{"line":247,"column":68}},"88":{"start":{"line":249,"column":4},"end":{"line":259,"column":5}},"89":{"start":{"line":250,"column":6},"end":{"line":258,"column":9}},"90":{"start":{"line":261,"column":4},"end":{"line":261,"column":30}},"91":{"start":{"line":263,"column":4},"end":{"line":263,"column":56}},"92":{"start":{"line":265,"column":4},"end":{"line":273,"column":5}},"93":{"start":{"line":266,"column":6},"end":{"line":271,"column":7}},"94":{"start":{"line":267,"column":8},"end":{"line":270,"column":11}},"95":{"start":{"line":272,"column":6},"end":{"line":272,"column":49}},"96":{"start":{"line":275,"column":4},"end":{"line":280,"column":5}},"97":{"start":{"line":276,"column":6},"end":{"line":279,"column":9}},"98":{"start":{"line":282,"column":4},"end":{"line":282,"column":55}},"99":{"start":{"line":287,"column":29},"end":{"line":303,"column":1}},"100":{"start":{"line":288,"column":2},"end":{"line":302,"column":3}},"101":{"start":{"line":289,"column":20},"end":{"line":289,"column":30}},"102":{"start":{"line":290,"column":23},"end":{"line":290,"column":31}},"103":{"start":{"line":292,"column":20},"end":{"line":292,"column":63}},"104":{"start":{"line":293,"column":4},"end":{"line":293,"column":72}},"105":{"start":{"line":293,"column":18},"end":{"line":293,"column":72}},"106":{"start":{"line":295,"column":21},"end":{"line":295,"column":71}},"107":{"start":{"line":296,"column":4},"end":{"line":296,"column":68}},"108":{"start":{"line":298,"column":4},"end":{"line":298,"column":30}},"109":{"start":{"line":300,"column":4},"end":{"line":300,"column":52}},"110":{"start":{"line":301,"column":4},"end":{"line":301,"column":56}}},"fnMap":{"0":{"name":"(anonymous_0)","decl":{"start":{"line":4,"column":27},"end":{"line":4,"column":28}},"loc":{"start":{"line":4,"column":47},"end":{"line":86,"column":1}},"line":4},"1":{"name":"(anonymous_1)","decl":{"start":{"line":89,"column":30},"end":{"line":89,"column":31}},"loc":{"start":{"line":89,"column":50},"end":{"line":120,"column":1}},"line":89},"2":{"name":"(anonymous_2)","decl":{"start":{"line":123,"column":29},"end":{"line":123,"column":30}},"loc":{"start":{"line":123,"column":49},"end":{"line":224,"column":1}},"line":123},"3":{"name":"(anonymous_3)","decl":{"start":{"line":166,"column":13},"end":{"line":166,"column":14}},"loc":{"start":{"line":166,"column":20},"end":{"line":166,"column":30}},"line":166},"4":{"name":"(anonymous_4)","decl":{"start":{"line":167,"column":16},"end":{"line":167,"column":17}},"loc":{"start":{"line":167,"column":23},"end":{"line":167,"column":37}},"line":167},"5":{"name":"(anonymous_5)","decl":{"start":{"line":227,"column":29},"end":{"line":227,"column":30}},"loc":{"start":{"line":227,"column":49},"end":{"line":237,"column":1}},"line":227},"6":{"name":"(anonymous_6)","decl":{"start":{"line":240,"column":29},"end":{"line":240,"column":30}},"loc":{"start":{"line":240,"column":49},"end":{"line":284,"column":1}},"line":240},"7":{"name":"(anonymous_7)","decl":{"start":{"line":287,"column":29},"end":{"line":287,"column":30}},"loc":{"start":{"line":287,"column":49},"end":{"line":303,"column":1}},"line":287}},"branchMap":{"0":{"loc":{"start":{"line":6,"column":12},"end":{"line":6,"column":22}},"type":"default-arg","locations":[{"start":{"line":6,"column":20},"end":{"line":6,"column":22}}],"line":6},"1":{"loc":{"start":{"line":6,"column":24},"end":{"line":6,"column":32}},"type":"default-arg","locations":[{"start":{"line":6,"column":31},"end":{"line":6,"column":32}}],"line":6},"2":{"loc":{"start":{"line":10,"column":4},"end":{"line":26,"column":5}},"type":"if","locations":[{"start":{"line":10,"column":4},"end":{"line":26,"column":5}},{"start":{"line":23,"column":11},"end":{"line":26,"column":5}}],"line":10},"3":{"loc":{"start":{"line":11,"column":6},"end":{"line":22,"column":7}},"type":"if","locations":[{"start":{"line":11,"column":6},"end":{"line":22,"column":7}},{"start":{"line":13,"column":13},"end":{"line":22,"column":7}}],"line":11},"4":{"loc":{"start":{"line":16,"column":8},"end":{"line":21,"column":9}},"type":"if","locations":[{"start":{"line":16,"column":8},"end":{"line":21,"column":9}},{"start":{"line":18,"column":15},"end":{"line":21,"column":9}}],"line":16},"5":{"loc":{"start":{"line":36,"column":4},"end":{"line":38,"column":5}},"type":"if","locations":[{"start":{"line":36,"column":4},"end":{"line":38,"column":5}},{"start":{},"end":{}}],"line":36},"6":{"loc":{"start":{"line":36,"column":8},"end":{"line":36,"column":51}},"type":"binary-expr","locations":[{"start":{"line":36,"column":8},"end":{"line":36,"column":12}},{"start":{"line":36,"column":17},"end":{"line":36,"column":31}},{"start":{"line":36,"column":35},"end":{"line":36,"column":50}}],"line":36},"7":{"loc":{"start":{"line":37,"column":30},"end":{"line":37,"column":53}},"type":"cond-expr","locations":[{"start":{"line":37,"column":47},"end":{"line":37,"column":48}},{"start":{"line":37,"column":51},"end":{"line":37,"column":53}}],"line":37},"8":{"loc":{"start":{"line":53,"column":16},"end":{"line":55,"column":14}},"type":"cond-expr","locations":[{"start":{"line":54,"column":10},"end":{"line":54,"column":91}},{"start":{"line":55,"column":10},"end":{"line":55,"column":14}}],"line":53},"9":{"loc":{"start":{"line":54,"column":58},"end":{"line":54,"column":68}},"type":"binary-expr","locations":[{"start":{"line":54,"column":58},"end":{"line":54,"column":62}},{"start":{"line":54,"column":66},"end":{"line":54,"column":68}}],"line":54},"10":{"loc":{"start":{"line":54,"column":78},"end":{"line":54,"column":89}},"type":"binary-expr","locations":[{"start":{"line":54,"column":78},"end":{"line":54,"column":83}},{"start":{"line":54,"column":87},"end":{"line":54,"column":89}}],"line":54},"11":{"loc":{"start":{"line":56,"column":16},"end":{"line":58,"column":14}},"type":"cond-expr","locations":[{"start":{"line":57,"column":10},"end":{"line":57,"column":91}},{"start":{"line":58,"column":10},"end":{"line":58,"column":14}}],"line":56},"12":{"loc":{"start":{"line":57,"column":58},"end":{"line":57,"column":68}},"type":"binary-expr","locations":[{"start":{"line":57,"column":58},"end":{"line":57,"column":62}},{"start":{"line":57,"column":66},"end":{"line":57,"column":68}}],"line":57},"13":{"loc":{"start":{"line":57,"column":78},"end":{"line":57,"column":89}},"type":"binary-expr","locations":[{"start":{"line":57,"column":78},"end":{"line":57,"column":83}},{"start":{"line":57,"column":87},"end":{"line":57,"column":89}}],"line":57},"14":{"loc":{"start":{"line":62,"column":4},"end":{"line":64,"column":5}},"type":"if","locations":[{"start":{"line":62,"column":4},"end":{"line":64,"column":5}},{"start":{},"end":{}}],"line":62},"15":{"loc":{"start":{"line":80,"column":4},"end":{"line":82,"column":5}},"type":"if","locations":[{"start":{"line":80,"column":4},"end":{"line":82,"column":5}},{"start":{},"end":{}}],"line":80},"16":{"loc":{"start":{"line":94,"column":4},"end":{"line":99,"column":5}},"type":"if","locations":[{"start":{"line":94,"column":4},"end":{"line":99,"column":5}},{"start":{},"end":{}}],"line":94},"17":{"loc":{"start":{"line":95,"column":6},"end":{"line":97,"column":7}},"type":"if","locations":[{"start":{"line":95,"column":6},"end":{"line":97,"column":7}},{"start":{},"end":{}}],"line":95},"18":{"loc":{"start":{"line":102,"column":4},"end":{"line":104,"column":5}},"type":"if","locations":[{"start":{"line":102,"column":4},"end":{"line":104,"column":5}},{"start":{},"end":{}}],"line":102},"19":{"loc":{"start":{"line":114,"column":4},"end":{"line":116,"column":5}},"type":"if","locations":[{"start":{"line":114,"column":4},"end":{"line":116,"column":5}},{"start":{},"end":{}}],"line":114},"20":{"loc":{"start":{"line":128,"column":4},"end":{"line":136,"column":5}},"type":"if","locations":[{"start":{"line":128,"column":4},"end":{"line":136,"column":5}},{"start":{},"end":{}}],"line":128},"21":{"loc":{"start":{"line":128,"column":8},"end":{"line":128,"column":72}},"type":"binary-expr","locations":[{"start":{"line":128,"column":8},"end":{"line":128,"column":14}},{"start":{"line":128,"column":18},"end":{"line":128,"column":30}},{"start":{"line":128,"column":34},"end":{"line":128,"column":39}},{"start":{"line":128,"column":43},"end":{"line":128,"column":49}},{"start":{"line":128,"column":53},"end":{"line":128,"column":59}},{"start":{"line":128,"column":63},"end":{"line":128,"column":72}}],"line":128},"22":{"loc":{"start":{"line":129,"column":6},"end":{"line":134,"column":7}},"type":"if","locations":[{"start":{"line":129,"column":6},"end":{"line":134,"column":7}},{"start":{},"end":{}}],"line":129},"23":{"loc":{"start":{"line":141,"column":4},"end":{"line":149,"column":5}},"type":"if","locations":[{"start":{"line":141,"column":4},"end":{"line":149,"column":5}},{"start":{},"end":{}}],"line":141},"24":{"loc":{"start":{"line":142,"column":6},"end":{"line":147,"column":7}},"type":"if","locations":[{"start":{"line":142,"column":6},"end":{"line":147,"column":7}},{"start":{},"end":{}}],"line":142},"25":{"loc":{"start":{"line":151,"column":4},"end":{"line":159,"column":5}},"type":"if","locations":[{"start":{"line":151,"column":4},"end":{"line":159,"column":5}},{"start":{},"end":{}}],"line":151},"26":{"loc":{"start":{"line":152,"column":6},"end":{"line":157,"column":7}},"type":"if","locations":[{"start":{"line":152,"column":6},"end":{"line":157,"column":7}},{"start":{},"end":{}}],"line":152},"27":{"loc":{"start":{"line":163,"column":4},"end":{"line":168,"column":5}},"type":"if","locations":[{"start":{"line":163,"column":4},"end":{"line":168,"column":5}},{"start":{},"end":{}}],"line":163},"28":{"loc":{"start":{"line":163,"column":8},"end":{"line":163,"column":39}},"type":"binary-expr","locations":[{"start":{"line":163,"column":8},"end":{"line":163,"column":18}},{"start":{"line":163,"column":22},"end":{"line":163,"column":39}}],"line":163},"29":{"loc":{"start":{"line":178,"column":14},"end":{"line":178,"column":50}},"type":"binary-expr","locations":[{"start":{"line":178,"column":14},"end":{"line":178,"column":31}},{"start":{"line":178,"column":35},"end":{"line":178,"column":50}}],"line":178},"30":{"loc":{"start":{"line":185,"column":4},"end":{"line":193,"column":5}},"type":"if","locations":[{"start":{"line":185,"column":4},"end":{"line":193,"column":5}},{"start":{},"end":{}}],"line":185},"31":{"loc":{"start":{"line":185,"column":8},"end":{"line":187,"column":60}},"type":"binary-expr","locations":[{"start":{"line":185,"column":8},"end":{"line":185,"column":36}},{"start":{"line":186,"column":9},"end":{"line":186,"column":27}},{"start":{"line":186,"column":31},"end":{"line":186,"column":78}},{"start":{"line":187,"column":8},"end":{"line":187,"column":60}}],"line":185},"32":{"loc":{"start":{"line":200,"column":19},"end":{"line":202,"column":71}},"type":"binary-expr","locations":[{"start":{"line":200,"column":19},"end":{"line":200,"column":47}},{"start":{"line":201,"column":20},"end":{"line":201,"column":38}},{"start":{"line":201,"column":42},"end":{"line":201,"column":89}},{"start":{"line":202,"column":19},"end":{"line":202,"column":71}}],"line":200},"33":{"loc":{"start":{"line":204,"column":4},"end":{"line":212,"column":5}},"type":"if","locations":[{"start":{"line":204,"column":4},"end":{"line":212,"column":5}},{"start":{},"end":{}}],"line":204},"34":{"loc":{"start":{"line":205,"column":6},"end":{"line":210,"column":7}},"type":"if","locations":[{"start":{"line":205,"column":6},"end":{"line":210,"column":7}},{"start":{},"end":{}}],"line":205},"35":{"loc":{"start":{"line":214,"column":4},"end":{"line":220,"column":5}},"type":"if","locations":[{"start":{"line":214,"column":4},"end":{"line":220,"column":5}},{"start":{},"end":{}}],"line":214},"36":{"loc":{"start":{"line":231,"column":4},"end":{"line":231,"column":71}},"type":"if","locations":[{"start":{"line":231,"column":4},"end":{"line":231,"column":71}},{"start":{},"end":{}}],"line":231},"37":{"loc":{"start":{"line":249,"column":4},"end":{"line":259,"column":5}},"type":"if","locations":[{"start":{"line":249,"column":4},"end":{"line":259,"column":5}},{"start":{},"end":{}}],"line":249},"38":{"loc":{"start":{"line":265,"column":4},"end":{"line":273,"column":5}},"type":"if","locations":[{"start":{"line":265,"column":4},"end":{"line":273,"column":5}},{"start":{},"end":{}}],"line":265},"39":{"loc":{"start":{"line":266,"column":6},"end":{"line":271,"column":7}},"type":"if","locations":[{"start":{"line":266,"column":6},"end":{"line":271,"column":7}},{"start":{},"end":{}}],"line":266},"40":{"loc":{"start":{"line":275,"column":4},"end":{"line":280,"column":5}},"type":"if","locations":[{"start":{"line":275,"column":4},"end":{"line":280,"column":5}},{"start":{},"end":{}}],"line":275},"41":{"loc":{"start":{"line":293,"column":4},"end":{"line":293,"column":72}},"type":"if","locations":[{"start":{"line":293,"column":4},"end":{"line":293,"column":72}},{"start":{},"end":{}}],"line":293},"42":{"loc":{"start":{"line":295,"column":47},"end":{"line":295,"column":66}},"type":"binary-expr","locations":[{"start":{"line":295,"column":47},"end":{"line":295,"column":61}},{"start":{"line":295,"column":65},"end":{"line":295,"column":66}}],"line":295}},"s":{"0":1,"1":0,"2":0,"3":0,"4":0,"5":0,"6":0,"7":0,"8":0,"9":0,"10":0,"11":0,"12":0,"13":0,"14":0,"15":0,"16":0,"17":0,"18":0,"19":0,"20":0,"21":0,"22":0,"23":0,"24":0,"25":1,"26":0,"27":0,"28":0,"29":0,"30":0,"31":0,"32":0,"33":0,"34":0,"35":0,"36":0,"37":0,"38":0,"39":0,"40":1,"41":0,"42":0,"43":0,"44":0,"45":0,"46":0,"47":0,"48":0,"49":0,"50":0,"51":0,"52":0,"53":0,"54":0,"55":0,"56":0,"57":0,"58":0,"59":0,"60":0,"61":0,"62":0,"63":0,"64":0,"65":0,"66":0,"67":0,"68":0,"69":0,"70":0,"71":0,"72":0,"73":0,"74":1,"75":0,"76":0,"77":0,"78":0,"79":0,"80":0,"81":0,"82":0,"83":1,"84":0,"85":0,"86":0,"87":0,"88":0,"89":0,"90":0,"91":0,"92":0,"93":0,"94":0,"95":0,"96":0,"97":0,"98":0,"99":1,"100":0,"101":0,"102":0,"103":0,"104":0,"105":0,"106":0,"107":0,"108":0,"109":0,"110":0},"f":{"0":0,"1":0,"2":0,"3":0,"4":0,"5":0,"6":0,"7":0},"b":{"0":[0],"1":[0],"2":[0,0],"3":[0,0],"4":[0,0],"5":[0,0],"6":[0,0,0],"7":[0,0],"8":[0,0],"9":[0,0],"10":[0,0],"11":[0,0],"12":[0,0],"13":[0,0],"14":[0,0],"15":[0,0],"16":[0,0],"17":[0,0],"18":[0,0],"19":[0,0],"20":[0,0],"21":[0,0,0,0,0,0],"22":[0,0],"23":[0,0],"24":[0,0],"25":[0,0],"26":[0,0],"27":[0,0],"28":[0,0],"29":[0,0],"30":[0,0],"31":[0,0,0,0],"32":[0,0,0,0],"33":[0,0],"34":[0,0],"35":[0,0],"36":[0,0],"37":[0,0],"38":[0,0],"39":[0,0],"40":[0,0],"41":[0,0],"42":[0,0]},"inputSourceMap":null,"_coverageSchema":"1a1c01bbd47fc00a2c39e90264f33305004495a9","hash":"dbe5d0d4807887f7b581f1ec5056fd74fc4cfda8"}
,"C:\\Users\\MARIANA\\Downloads\\ecommerce_entrega_final\\src\\controllers\\ticketController.js": {"path":"C:\\Users\\MARIANA\\Downloads\\ecommerce_entrega_final\\src\\controllers\\ticketController.js","statementMap":{"0":{"start":{"line":5,"column":31},"end":{"line":41,"column":1}},"1":{"start":{"line":6,"column":2},"end":{"line":40,"column":3}},"2":{"start":{"line":7,"column":20},"end":{"line":7,"column":30}},"3":{"start":{"line":8,"column":22},"end":{"line":8,"column":36}},"4":{"start":{"line":11,"column":17},"end":{"line":11,"column":54}},"5":{"start":{"line":12,"column":4},"end":{"line":17,"column":5}},"6":{"start":{"line":13,"column":6},"end":{"line":16,"column":9}},"7":{"start":{"line":20,"column":19},"end":{"line":20,"column":72}},"8":{"start":{"line":22,"column":4},"end":{"line":32,"column":7}},"9":{"start":{"line":34,"column":4},"end":{"line":34,"column":54}},"10":{"start":{"line":35,"column":4},"end":{"line":39,"column":7}},"11":{"start":{"line":44,"column":30},"end":{"line":61,"column":1}},"12":{"start":{"line":45,"column":2},"end":{"line":60,"column":3}},"13":{"start":{"line":46,"column":22},"end":{"line":46,"column":36}},"14":{"start":{"line":47,"column":20},"end":{"line":47,"column":67}},"15":{"start":{"line":49,"column":4},"end":{"line":52,"column":7}},"16":{"start":{"line":54,"column":4},"end":{"line":54,"column":53}},"17":{"start":{"line":55,"column":4},"end":{"line":59,"column":7}},"18":{"start":{"line":64,"column":29},"end":{"line":96,"column":1}},"19":{"start":{"line":65,"column":2},"end":{"line":95,"column":3}},"20":{"start":{"line":66,"column":20},"end":{"line":66,"column":30}},"21":{"start":{"line":67,"column":19},"end":{"line":67,"column":59}},"22":{"start":{"line":69,"column":4},"end":{"line":74,"column":5}},"23":{"start":{"line":70,"column":6},"end":{"line":73,"column":9}},"24":{"start":{"line":77,"column":4},"end":{"line":82,"column":5}},"25":{"start":{"line":78,"column":6},"end":{"line":81,"column":9}},"26":{"start":{"line":84,"column":4},"end":{"line":87,"column":7}},"27":{"start":{"line":89,"column":4},"end":{"line":89,"column":52}},"28":{"start":{"line":90,"column":4},"end":{"line":94,"column":7}}},"fnMap":{"0":{"name":"(anonymous_0)","decl":{"start":{"line":5,"column":31},"end":{"line":5,"column":32}},"loc":{"start":{"line":5,"column":51},"end":{"line":41,"column":1}},"line":5},"1":{"name":"(anonymous_1)","decl":{"start":{"line":44,"column":30},"end":{"line":44,"column":31}},"loc":{"start":{"line":44,"column":50},"end":{"line":61,"column":1}},"line":44},"2":{"name":"(anonymous_2)","decl":{"start":{"line":64,"column":29},"end":{"line":64,"column":30}},"loc":{"start":{"line":64,"column":49},"end":{"line":96,"column":1}},"line":64}},"branchMap":{"0":{"loc":{"start":{"line":12,"column":4},"end":{"line":17,"column":5}},"type":"if","locations":[{"start":{"line":12,"column":4},"end":{"line":17,"column":5}},{"start":{},"end":{}}],"line":12},"1":{"loc":{"start":{"line":24,"column":15},"end":{"line":26,"column":88}},"type":"cond-expr","locations":[{"start":{"line":25,"column":10},"end":{"line":25,"column":42}},{"start":{"line":26,"column":10},"end":{"line":26,"column":88}}],"line":24},"2":{"loc":{"start":{"line":69,"column":4},"end":{"line":74,"column":5}},"type":"if","locations":[{"start":{"line":69,"column":4},"end":{"line":74,"column":5}},{"start":{},"end":{}}],"line":69},"3":{"loc":{"start":{"line":77,"column":4},"end":{"line":82,"column":5}},"type":"if","locations":[{"start":{"line":77,"column":4},"end":{"line":82,"column":5}},{"start":{},"end":{}}],"line":77},"4":{"loc":{"start":{"line":77,"column":8},"end":{"line":77,"column":72}},"type":"binary-expr","locations":[{"start":{"line":77,"column":8},"end":{"line":77,"column":33}},{"start":{"line":77,"column":37},"end":{"line":77,"column":72}}],"line":77}},"s":{"0":1,"1":0,"2":0,"3":0,"4":0,"5":0,"6":0,"7":0,"8":0,"9":0,"10":0,"11":1,"12":0,"13":0,"14":0,"15":0,"16":0,"17":0,"18":1,"19":0,"20":0,"21":0,"22":0,"23":0,"24":0,"25":0,"26":0,"27":0,"28":0},"f":{"0":0,"1":0,"2":0},"b":{"0":[0,0],"1":[0,0],"2":[0,0],"3":[0,0],"4":[0,0]},"inputSourceMap":null,"_coverageSchema":"1a1c01bbd47fc00a2c39e90264f33305004495a9","hash":"12446642efd431b52d2ed83e264bd5861d7193be"}
,"C:\\Users\\MARIANA\\Downloads\\ecommerce_entrega_final\\src\\controllers\\userController.js": {"path":"C:\\Users\\MARIANA\\Downloads\\ecommerce_entrega_final\\src\\controllers\\userController.js","statementMap":{"0":{"start":{"line":7,"column":26},"end":{"line":53,"column":1}},"1":{"start":{"line":8,"column":2},"end":{"line":52,"column":3}},"2":{"start":{"line":9,"column":66},"end":{"line":9,"column":74}},"3":{"start":{"line":12,"column":4},"end":{"line":17,"column":5}},"4":{"start":{"line":13,"column":6},"end":{"line":16,"column":9}},"5":{"start":{"line":20,"column":25},"end":{"line":20,"column":67}},"6":{"start":{"line":21,"column":4},"end":{"line":26,"column":5}},"7":{"start":{"line":22,"column":6},"end":{"line":25,"column":9}},"8":{"start":{"line":29,"column":20},"end":{"line":36,"column":6}},"9":{"start":{"line":39,"column":25},"end":{"line":39,"column":70}},"10":{"start":{"line":41,"column":4},"end":{"line":45,"column":7}},"11":{"start":{"line":47,"column":4},"end":{"line":51,"column":7}},"12":{"start":{"line":56,"column":24},"end":{"line":71,"column":1}},"13":{"start":{"line":57,"column":2},"end":{"line":70,"column":3}},"14":{"start":{"line":58,"column":18},"end":{"line":58,"column":52}},"15":{"start":{"line":60,"column":4},"end":{"line":63,"column":7}},"16":{"start":{"line":65,"column":4},"end":{"line":69,"column":7}},"17":{"start":{"line":74,"column":27},"end":{"line":98,"column":1}},"18":{"start":{"line":75,"column":2},"end":{"line":97,"column":3}},"19":{"start":{"line":76,"column":20},"end":{"line":76,"column":30}},"20":{"start":{"line":78,"column":17},"end":{"line":78,"column":54}},"21":{"start":{"line":80,"column":4},"end":{"line":85,"column":5}},"22":{"start":{"line":81,"column":6},"end":{"line":84,"column":9}},"23":{"start":{"line":87,"column":4},"end":{"line":90,"column":7}},"24":{"start":{"line":92,"column":4},"end":{"line":96,"column":7}},"25":{"start":{"line":101,"column":26},"end":{"line":134,"column":1}},"26":{"start":{"line":102,"column":2},"end":{"line":133,"column":3}},"27":{"start":{"line":103,"column":20},"end":{"line":103,"column":30}},"28":{"start":{"line":104,"column":56},"end":{"line":104,"column":64}},"29":{"start":{"line":106,"column":23},"end":{"line":106,"column":25}},"30":{"start":{"line":107,"column":4},"end":{"line":107,"column":55}},"31":{"start":{"line":107,"column":20},"end":{"line":107,"column":55}},"32":{"start":{"line":108,"column":4},"end":{"line":108,"column":52}},"33":{"start":{"line":108,"column":19},"end":{"line":108,"column":52}},"34":{"start":{"line":109,"column":4},"end":{"line":109,"column":40}},"35":{"start":{"line":109,"column":15},"end":{"line":109,"column":40}},"36":{"start":{"line":110,"column":4},"end":{"line":110,"column":48}},"37":{"start":{"line":110,"column":27},"end":{"line":110,"column":48}},"38":{"start":{"line":111,"column":4},"end":{"line":111,"column":37}},"39":{"start":{"line":111,"column":14},"end":{"line":111,"column":37}},"40":{"start":{"line":113,"column":24},"end":{"line":113,"column":72}},"41":{"start":{"line":115,"column":4},"end":{"line":120,"column":5}},"42":{"start":{"line":116,"column":6},"end":{"line":119,"column":9}},"43":{"start":{"line":122,"column":4},"end":{"line":126,"column":7}},"44":{"start":{"line":128,"column":4},"end":{"line":132,"column":7}},"45":{"start":{"line":137,"column":26},"end":{"line":161,"column":1}},"46":{"start":{"line":138,"column":2},"end":{"line":160,"column":3}},"47":{"start":{"line":139,"column":20},"end":{"line":139,"column":30}},"48":{"start":{"line":141,"column":24},"end":{"line":141,"column":60}},"49":{"start":{"line":143,"column":4},"end":{"line":148,"column":5}},"50":{"start":{"line":144,"column":6},"end":{"line":147,"column":9}},"51":{"start":{"line":150,"column":4},"end":{"line":153,"column":7}},"52":{"start":{"line":155,"column":4},"end":{"line":159,"column":7}},"53":{"start":{"line":164,"column":21},"end":{"line":215,"column":1}},"54":{"start":{"line":165,"column":2},"end":{"line":214,"column":3}},"55":{"start":{"line":166,"column":32},"end":{"line":166,"column":40}},"56":{"start":{"line":169,"column":4},"end":{"line":174,"column":5}},"57":{"start":{"line":170,"column":6},"end":{"line":173,"column":9}},"58":{"start":{"line":177,"column":17},"end":{"line":177,"column":71}},"59":{"start":{"line":179,"column":4},"end":{"line":184,"column":5}},"60":{"start":{"line":180,"column":6},"end":{"line":183,"column":9}},"61":{"start":{"line":187,"column":28},"end":{"line":187,"column":80}},"62":{"start":{"line":189,"column":4},"end":{"line":194,"column":5}},"63":{"start":{"line":190,"column":6},"end":{"line":193,"column":9}},"64":{"start":{"line":197,"column":18},"end":{"line":197,"column":41}},"65":{"start":{"line":200,"column":25},"end":{"line":200,"column":67}},"66":{"start":{"line":202,"column":4},"end":{"line":207,"column":7}},"67":{"start":{"line":209,"column":4},"end":{"line":213,"column":7}},"68":{"start":{"line":218,"column":22},"end":{"line":237,"column":1}},"69":{"start":{"line":219,"column":2},"end":{"line":236,"column":3}},"70":{"start":{"line":226,"column":4},"end":{"line":229,"column":7}},"71":{"start":{"line":231,"column":4},"end":{"line":235,"column":7}}},"fnMap":{"0":{"name":"(anonymous_0)","decl":{"start":{"line":7,"column":26},"end":{"line":7,"column":27}},"loc":{"start":{"line":7,"column":46},"end":{"line":53,"column":1}},"line":7},"1":{"name":"(anonymous_1)","decl":{"start":{"line":56,"column":24},"end":{"line":56,"column":25}},"loc":{"start":{"line":56,"column":44},"end":{"line":71,"column":1}},"line":56},"2":{"name":"(anonymous_2)","decl":{"start":{"line":74,"column":27},"end":{"line":74,"column":28}},"loc":{"start":{"line":74,"column":47},"end":{"line":98,"column":1}},"line":74},"3":{"name":"(anonymous_3)","decl":{"start":{"line":101,"column":26},"end":{"line":101,"column":27}},"loc":{"start":{"line":101,"column":46},"end":{"line":134,"column":1}},"line":101},"4":{"name":"(anonymous_4)","decl":{"start":{"line":137,"column":26},"end":{"line":137,"column":27}},"loc":{"start":{"line":137,"column":46},"end":{"line":161,"column":1}},"line":137},"5":{"name":"(anonymous_5)","decl":{"start":{"line":164,"column":21},"end":{"line":164,"column":22}},"loc":{"start":{"line":164,"column":41},"end":{"line":215,"column":1}},"line":164},"6":{"name":"(anonymous_6)","decl":{"start":{"line":218,"column":22},"end":{"line":218,"column":23}},"loc":{"start":{"line":218,"column":42},"end":{"line":237,"column":1}},"line":218}},"branchMap":{"0":{"loc":{"start":{"line":12,"column":4},"end":{"line":17,"column":5}},"type":"if","locations":[{"start":{"line":12,"column":4},"end":{"line":17,"column":5}},{"start":{},"end":{}}],"line":12},"1":{"loc":{"start":{"line":12,"column":8},"end":{"line":12,"column":64}},"type":"binary-expr","locations":[{"start":{"line":12,"column":8},"end":{"line":12,"column":19}},{"start":{"line":12,"column":23},"end":{"line":12,"column":33}},{"start":{"line":12,"column":37},"end":{"line":12,"column":43}},{"start":{"line":12,"column":47},"end":{"line":12,"column":51}},{"start":{"line":12,"column":55},"end":{"line":12,"column":64}}],"line":12},"2":{"loc":{"start":{"line":21,"column":4},"end":{"line":26,"column":5}},"type":"if","locations":[{"start":{"line":21,"column":4},"end":{"line":26,"column":5}},{"start":{},"end":{}}],"line":21},"3":{"loc":{"start":{"line":35,"column":12},"end":{"line":35,"column":26}},"type":"binary-expr","locations":[{"start":{"line":35,"column":12},"end":{"line":35,"column":16}},{"start":{"line":35,"column":20},"end":{"line":35,"column":26}}],"line":35},"4":{"loc":{"start":{"line":80,"column":4},"end":{"line":85,"column":5}},"type":"if","locations":[{"start":{"line":80,"column":4},"end":{"line":85,"column":5}},{"start":{},"end":{}}],"line":80},"5":{"loc":{"start":{"line":107,"column":4},"end":{"line":107,"column":55}},"type":"if","locations":[{"start":{"line":107,"column":4},"end":{"line":107,"column":55}},{"start":{},"end":{}}],"line":107},"6":{"loc":{"start":{"line":108,"column":4},"end":{"line":108,"column":52}},"type":"if","locations":[{"start":{"line":108,"column":4},"end":{"line":108,"column":52}},{"start":{},"end":{}}],"line":108},"7":{"loc":{"start":{"line":109,"column":4},"end":{"line":109,"column":40}},"type":"if","locations":[{"start":{"line":109,"column":4},"end":{"line":109,"column":40}},{"start":{},"end":{}}],"line":109},"8":{"loc":{"start":{"line":110,"column":4},"end":{"line":110,"column":48}},"type":"if","locations":[{"start":{"line":110,"column":4},"end":{"line":110,"column":48}},{"start":{},"end":{}}],"line":110},"9":{"loc":{"start":{"line":111,"column":4},"end":{"line":111,"column":37}},"type":"if","locations":[{"start":{"line":111,"column":4},"end":{"line":111,"column":37}},{"start":{},"end":{}}],"line":111},"10":{"loc":{"start":{"line":115,"column":4},"end":{"line":120,"column":5}},"type":"if","locations":[{"start":{"line":115,"column":4},"end":{"line":120,"column":5}},{"start":{},"end":{}}],"line":115},"11":{"loc":{"start":{"line":143,"column":4},"end":{"line":148,"column":5}},"type":"if","locations":[{"start":{"line":143,"column":4},"end":{"line":148,"column":5}},{"start":{},"end":{}}],"line":143},"12":{"loc":{"start":{"line":169,"column":4},"end":{"line":174,"column":5}},"type":"if","locations":[{"start":{"line":169,"column":4},"end":{"line":174,"column":5}},{"start":{},"end":{}}],"line":169},"13":{"loc":{"start":{"line":169,"column":8},"end":{"line":169,"column":27}},"type":"binary-expr","locations":[{"start":{"line":169,"column":8},"end":{"line":169,"column":14}},{"start":{"line":169,"column":18},"end":{"line":169,"column":27}}],"line":169},"14":{"loc":{"start":{"line":179,"column":4},"end":{"line":184,"column":5}},"type":"if","locations":[{"start":{"line":179,"column":4},"end":{"line":184,"column":5}},{"start":{},"end":{}}],"line":179},"15":{"loc":{"start":{"line":189,"column":4},"end":{"line":194,"column":5}},"type":"if","locations":[{"start":{"line":189,"column":4},"end":{"line":194,"column":5}},{"start":{},"end":{}}],"line":189}},"s":{"0":1,"1":0,"2":0,"3":0,"4":0,"5":0,"6":0,"7":0,"8":0,"9":0,"10":0,"11":0,"12":1,"13":0,"14":0,"15":0,"16":0,"17":1,"18":0,"19":0,"20":0,"21":0,"22":0,"23":0,"24":0,"25":1,"26":0,"27":0,"28":0,"29":0,"30":0,"31":0,"32":0,"33":0,"34":0,"35":0,"36":0,"37":0,"38":0,"39":0,"40":0,"41":0,"42":0,"43":0,"44":0,"45":1,"46":0,"47":0,"48":0,"49":0,"50":0,"51":0,"52":0,"53":1,"54":0,"55":0,"56":0,"57":0,"58":0,"59":0,"60":0,"61":0,"62":0,"63":0,"64":0,"65":0,"66":0,"67":0,"68":1,"69":0,"70":0,"71":0},"f":{"0":0,"1":0,"2":0,"3":0,"4":0,"5":0,"6":0},"b":{"0":[0,0],"1":[0,0,0,0,0],"2":[0,0],"3":[0,0],"4":[0,0],"5":[0,0],"6":[0,0],"7":[0,0],"8":[0,0],"9":[0,0],"10":[0,0],"11":[0,0],"12":[0,0],"13":[0,0],"14":[0,0],"15":[0,0]},"inputSourceMap":null,"_coverageSchema":"1a1c01bbd47fc00a2c39e90264f33305004495a9","hash":"a2f2d476ebab97c05b70daa61aa0f0f441ceea89"}
,"C:\\Users\\MARIANA\\Downloads\\ecommerce_entrega_final\\src\\dao\\cartDAO.js": {"path":"C:\\Users\\MARIANA\\Downloads\\ecommerce_entrega_final\\src\\dao\\cartDAO.js","statementMap":{"0":{"start":{"line":5,"column":4},"end":{"line":5,"column":44}},"1":{"start":{"line":9,"column":4},"end":{"line":9,"column":40}},"2":{"start":{"line":13,"column":4},"end":{"line":13,"column":76}},"3":{"start":{"line":17,"column":4},"end":{"line":21,"column":6}},"4":{"start":{"line":25,"column":4},"end":{"line":29,"column":35}},"5":{"start":{"line":33,"column":4},"end":{"line":33,"column":49}},"6":{"start":{"line":37,"column":4},"end":{"line":37,"column":29}}},"fnMap":{"0":{"name":"(anonymous_0)","decl":{"start":{"line":4,"column":2},"end":{"line":4,"column":3}},"loc":{"start":{"line":4,"column":25},"end":{"line":6,"column":3}},"line":4},"1":{"name":"(anonymous_1)","decl":{"start":{"line":8,"column":2},"end":{"line":8,"column":3}},"loc":{"start":{"line":8,"column":21},"end":{"line":10,"column":3}},"line":8},"2":{"name":"(anonymous_2)","decl":{"start":{"line":12,"column":2},"end":{"line":12,"column":3}},"loc":{"start":{"line":12,"column":30},"end":{"line":14,"column":3}},"line":12},"3":{"name":"(anonymous_3)","decl":{"start":{"line":16,"column":2},"end":{"line":16,"column":3}},"loc":{"start":{"line":16,"column":35},"end":{"line":22,"column":3}},"line":16},"4":{"name":"(anonymous_4)","decl":{"start":{"line":24,"column":2},"end":{"line":24,"column":3}},"loc":{"start":{"line":24,"column":42},"end":{"line":30,"column":3}},"line":24},"5":{"name":"(anonymous_5)","decl":{"start":{"line":32,"column":2},"end":{"line":32,"column":3}},"loc":{"start":{"line":32,"column":23},"end":{"line":34,"column":3}},"line":32},"6":{"name":"(anonymous_6)","decl":{"start":{"line":36,"column":2},"end":{"line":36,"column":3}},"loc":{"start":{"line":36,"column":19},"end":{"line":38,"column":3}},"line":36}},"branchMap":{},"s":{"0":0,"1":0,"2":0,"3":0,"4":0,"5":0,"6":0},"f":{"0":0,"1":0,"2":0,"3":0,"4":0,"5":0,"6":0},"b":{},"inputSourceMap":null,"_coverageSchema":"1a1c01bbd47fc00a2c39e90264f33305004495a9","hash":"6dfa9d7b42a3a7e3d7f829140ebce8f8c8449445"}
,"C:\\Users\\MARIANA\\Downloads\\ecommerce_entrega_final\\src\\dao\\productDAO.js": {"path":"C:\\Users\\MARIANA\\Downloads\\ecommerce_entrega_final\\src\\dao\\productDAO.js","statementMap":{"0":{"start":{"line":5,"column":4},"end":{"line":5,"column":50}},"1":{"start":{"line":9,"column":4},"end":{"line":9,"column":50}},"2":{"start":{"line":13,"column":4},"end":{"line":13,"column":46}},"3":{"start":{"line":17,"column":4},"end":{"line":17,"column":56}},"4":{"start":{"line":21,"column":4},"end":{"line":25,"column":6}},"5":{"start":{"line":29,"column":4},"end":{"line":29,"column":52}},"6":{"start":{"line":33,"column":4},"end":{"line":37,"column":6}}},"fnMap":{"0":{"name":"(anonymous_0)","decl":{"start":{"line":4,"column":2},"end":{"line":4,"column":3}},"loc":{"start":{"line":4,"column":28},"end":{"line":6,"column":3}},"line":4},"1":{"name":"(anonymous_1)","decl":{"start":{"line":8,"column":2},"end":{"line":8,"column":3}},"loc":{"start":{"line":8,"column":21},"end":{"line":10,"column":3}},"line":8},"2":{"name":"(anonymous_2)","decl":{"start":{"line":12,"column":2},"end":{"line":12,"column":3}},"loc":{"start":{"line":12,"column":24},"end":{"line":14,"column":3}},"line":12},"3":{"name":"(anonymous_3)","decl":{"start":{"line":16,"column":2},"end":{"line":16,"column":3}},"loc":{"start":{"line":16,"column":43},"end":{"line":18,"column":3}},"line":16},"4":{"name":"(anonymous_4)","decl":{"start":{"line":20,"column":2},"end":{"line":20,"column":3}},"loc":{"start":{"line":20,"column":35},"end":{"line":26,"column":3}},"line":20},"5":{"name":"(anonymous_5)","decl":{"start":{"line":28,"column":2},"end":{"line":28,"column":3}},"loc":{"start":{"line":28,"column":23},"end":{"line":30,"column":3}},"line":28},"6":{"name":"(anonymous_6)","decl":{"start":{"line":32,"column":2},"end":{"line":32,"column":3}},"loc":{"start":{"line":32,"column":42},"end":{"line":38,"column":3}},"line":32}},"branchMap":{"0":{"loc":{"start":{"line":16,"column":16},"end":{"line":16,"column":27}},"type":"default-arg","locations":[{"start":{"line":16,"column":25},"end":{"line":16,"column":27}}],"line":16},"1":{"loc":{"start":{"line":16,"column":29},"end":{"line":16,"column":41}},"type":"default-arg","locations":[{"start":{"line":16,"column":39},"end":{"line":16,"column":41}}],"line":16}},"s":{"0":0,"1":0,"2":0,"3":0,"4":0,"5":0,"6":0},"f":{"0":0,"1":0,"2":0,"3":0,"4":0,"5":0,"6":0},"b":{"0":[0],"1":[0]},"inputSourceMap":null,"_coverageSchema":"1a1c01bbd47fc00a2c39e90264f33305004495a9","hash":"e14b77a4a76b8517bb301f787821b2120e1cafe0"}
,"C:\\Users\\MARIANA\\Downloads\\ecommerce_entrega_final\\src\\dao\\ticketDAO.js": {"path":"C:\\Users\\MARIANA\\Downloads\\ecommerce_entrega_final\\src\\dao\\ticketDAO.js","statementMap":{"0":{"start":{"line":5,"column":4},"end":{"line":5,"column":48}},"1":{"start":{"line":9,"column":4},"end":{"line":9,"column":99}},"2":{"start":{"line":13,"column":4},"end":{"line":15,"column":39}},"3":{"start":{"line":19,"column":4},"end":{"line":19,"column":45}},"4":{"start":{"line":24,"column":17},"end":{"line":24,"column":21}},"5":{"start":{"line":26,"column":4},"end":{"line":30,"column":5}},"6":{"start":{"line":27,"column":6},"end":{"line":27,"column":93}},"7":{"start":{"line":28,"column":29},"end":{"line":28,"column":57}},"8":{"start":{"line":29,"column":6},"end":{"line":29,"column":32}},"9":{"start":{"line":32,"column":4},"end":{"line":32,"column":16}}},"fnMap":{"0":{"name":"(anonymous_0)","decl":{"start":{"line":4,"column":2},"end":{"line":4,"column":3}},"loc":{"start":{"line":4,"column":27},"end":{"line":6,"column":3}},"line":4},"1":{"name":"(anonymous_1)","decl":{"start":{"line":8,"column":2},"end":{"line":8,"column":3}},"loc":{"start":{"line":8,"column":21},"end":{"line":10,"column":3}},"line":8},"2":{"name":"(anonymous_2)","decl":{"start":{"line":12,"column":2},"end":{"line":12,"column":3}},"loc":{"start":{"line":12,"column":31},"end":{"line":16,"column":3}},"line":12},"3":{"name":"(anonymous_3)","decl":{"start":{"line":18,"column":2},"end":{"line":18,"column":3}},"loc":{"start":{"line":18,"column":24},"end":{"line":20,"column":3}},"line":18},"4":{"name":"(anonymous_4)","decl":{"start":{"line":22,"column":2},"end":{"line":22,"column":3}},"loc":{"start":{"line":22,"column":29},"end":{"line":33,"column":3}},"line":22}},"branchMap":{},"s":{"0":0,"1":0,"2":0,"3":0,"4":0,"5":0,"6":0,"7":0,"8":0,"9":0},"f":{"0":0,"1":0,"2":0,"3":0,"4":0},"b":{},"inputSourceMap":null,"_coverageSchema":"1a1c01bbd47fc00a2c39e90264f33305004495a9","hash":"042617e7427455ab04c0e9c8b7f200cb4624e8e9"}
[...]
":{"line":13,"column":22}}],"line":13},"1":{"loc":{"start":{"line":13,"column":24},"end":{"line":13,"column":32}},"type":"default-arg","locations":[{"start":{"line":13,"column":31},"end":{"line":13,"column":32}}],"line":13},"2":{"loc":{"start":{"line":18,"column":4},"end":{"line":21,"column":5}},"type":"if","locations":[{"start":{"line":18,"column":4},"end":{"line":21,"column":5}},{"start":{},"end":{}}],"line":18},"3":{"loc":{"start":{"line":25,"column":4},"end":{"line":41,"column":5}},"type":"if","locations":[{"start":{"line":25,"column":4},"end":{"line":41,"column":5}},{"start":{"line":38,"column":11},"end":{"line":41,"column":5}}],"line":25},"4":{"loc":{"start":{"line":26,"column":6},"end":{"line":37,"column":7}},"type":"if","locations":[{"start":{"line":26,"column":6},"end":{"line":37,"column":7}},{"start":{"line":28,"column":13},"end":{"line":37,"column":7}}],"line":26},"5":{"loc":{"start":{"line":31,"column":8},"end":{"line":36,"column":9}},"type":"if","locations":[{"start":{"line":31,"column":8},"end":{"line":36,"column":9}},{"start":{"line":33,"column":15},"end":{"line":36,"column":9}}],"line":31},"6":{"loc":{"start":{"line":49,"column":4},"end":{"line":49,"column":64}},"type":"if","locations":[{"start":{"line":49,"column":4},"end":{"line":49,"column":64}},{"start":{},"end":{}}],"line":49},"7":{"loc":{"start":{"line":49,"column":38},"end":{"line":49,"column":61}},"type":"cond-expr","locations":[{"start":{"line":49,"column":55},"end":{"line":49,"column":56}},{"start":{"line":49,"column":59},"end":{"line":49,"column":61}}],"line":49},"8":{"loc":{"start":{"line":63,"column":16},"end":{"line":65,"column":14}},"type":"cond-expr","locations":[{"start":{"line":64,"column":10},"end":{"line":64,"column":91}},{"start":{"line":65,"column":10},"end":{"line":65,"column":14}}],"line":63},"9":{"loc":{"start":{"line":64,"column":58},"end":{"line":64,"column":68}},"type":"binary-expr","locations":[{"start":{"line":64,"column":58},"end":{"line":64,"column":62}},{"start":{"line":64,"column":66},"end":{"line":64,"column":68}}],"line":64},"10":{"loc":{"start":{"line":64,"column":78},"end":{"line":64,"column":89}},"type":"binary-expr","locations":[{"start":{"line":64,"column":78},"end":{"line":64,"column":83}},{"start":{"line":64,"column":87},"end":{"line":64,"column":89}}],"line":64},"11":{"loc":{"start":{"line":66,"column":16},"end":{"line":68,"column":14}},"type":"cond-expr","locations":[{"start":{"line":67,"column":10},"end":{"line":67,"column":91}},{"start":{"line":68,"column":10},"end":{"line":68,"column":14}}],"line":66},"12":{"loc":{"start":{"line":67,"column":58},"end":{"line":67,"column":68}},"type":"binary-expr","locations":[{"start":{"line":67,"column":58},"end":{"line":67,"column":62}},{"start":{"line":67,"column":66},"end":{"line":67,"column":68}}],"line":67},"13":{"loc":{"start":{"line":67,"column":78},"end":{"line":67,"column":89}},"type":"binary-expr","locations":[{"start":{"line":67,"column":78},"end":{"line":67,"column":83}},{"start":{"line":67,"column":87},"end":{"line":67,"column":89}}],"line":67},"14":{"loc":{"start":{"line":85,"column":4},"end":{"line":85,"column":72}},"type":"if","locations":[{"start":{"line":85,"column":4},"end":{"line":85,"column":72}},{"start":{},"end":{}}],"line":85},"15":{"loc":{"start":{"line":89,"column":4},"end":{"line":92,"column":5}},"type":"if","locations":[{"start":{"line":89,"column":4},"end":{"line":92,"column":5}},{"start":{},"end":{}}],"line":89},"16":{"loc":{"start":{"line":112,"column":4},"end":{"line":112,"column":68}},"type":"if","locations":[{"start":{"line":112,"column":4},"end":{"line":112,"column":68}},{"start":{},"end":{}}],"line":112}},"s":{"0":1,"1":1,"2":0,"3":1,"4":0,"5":0,"6":0,"7":0,"8":0,"9":0,"10":0,"11":0,"12":0,"13":0,"14":0,"15":0,"16":0,"17":0,"18":0,"19":0,"20":0,"21":0,"22":0,"23":0,"24":0,"25":0,"26":1,"27":0,"28":0,"29":0,"30":0,"31":0,"32":0,"33":0,"34":0,"35":0,"36":0,"37":0,"38":1,"39":0,"40":0,"41":0,"42":0,"43":0,"44":0,"45":0,"46":1,"47":0,"48":1,"49":0,"50":1,"51":0,"52":1,"53":0},"f":{"0":0,"1":0,"2":0,"3":0,"4":0,"5":0,"6":0,"7":0},"b":{"0":[0],"1":[0],"2":[0,0],"3":[0,0],"4":[0,0],"5":[0,0],"6":[0,0],"7":[0,0],"8":[0,0],"9":[0,0],"10":[0,0],"11":[0,0],"12":[0,0],"13":[0,0],"14":[0,0],"15":[0,0],"16":[0,0]},"inputSourceMap":null,"_coverageSchema":"1a1c01bbd47fc00a2c39e90264f33305004495a9","hash":"060d34d8749a24572733fd5551b1b634ce1db005"}
,"C:\\Users\\MARIANA\\Downloads\\ecommerce_entrega_final\\src\\services\\emailService.js": {"path":"C:\\Users\\MARIANA\\Downloads\\ecommerce_entrega_final\\src\\services\\emailService.js","statementMap":{"0":{"start":{"line":4,"column":0},"end":{"line":4,"column":16}},"1":{"start":{"line":10,"column":4},"end":{"line":31,"column":5}},"2":{"start":{"line":11,"column":6},"end":{"line":19,"column":9}},"3":{"start":{"line":22,"column":6},"end":{"line":22,"column":109}},"4":{"start":{"line":23,"column":6},"end":{"line":30,"column":9}},"5":{"start":{"line":36,"column":4},"end":{"line":43,"column":5}},"6":{"start":{"line":37,"column":6},"end":{"line":37,"column":38}},"7":{"start":{"line":38,"column":6},"end":{"line":38,"column":66}},"8":{"start":{"line":39,"column":6},"end":{"line":39,"column":18}},"9":{"start":{"line":41,"column":6},"end":{"line":41,"column":67}},"10":{"start":{"line":42,"column":6},"end":{"line":42,"column":19}},"11":{"start":{"line":48,"column":21},"end":{"line":48,"column":112}},"12":{"start":{"line":50,"column":24},"end":{"line":121,"column":5}},"13":{"start":{"line":123,"column":4},"end":{"line":130,"column":5}},"14":{"start":{"line":124,"column":19},"end":{"line":124,"column":63}},"15":{"start":{"line":125,"column":6},"end":{"line":125,"column":68}},"16":{"start":{"line":126,"column":6},"end":{"line":126,"column":58}},"17":{"start":{"line":128,"column":6},"end":{"line":128,"column":52}},"18":{"start":{"line":129,"column":6},"end":{"line":129,"column":66}}},"fnMap":{"0":{"name":"(anonymous_0)","decl":{"start":{"line":7,"column":2},"end":{"line":7,"column":3}},"loc":{"start":{"line":7,"column":16},"end":{"line":32,"column":3}},"line":7},"1":{"name":"(anonymous_1)","decl":{"start":{"line":35,"column":2},"end":{"line":35,"column":3}},"loc":{"start":{"line":35,"column":27},"end":{"line":44,"column":3}},"line":35},"2":{"name":"(anonymous_2)","decl":{"start":{"line":47,"column":2},"end":{"line":47,"column":3}},"loc":{"start":{"line":47,"column":50},"end":{"line":131,"column":3}},"line":47}},"branchMap":{"0":{"loc":{"start":{"line":10,"column":4},"end":{"line":31,"column":5}},"type":"if","locations":[{"start":{"line":10,"column":4},"end":{"line":31,"column":5}},{"start":{"line":20,"column":11},"end":{"line":31,"column":5}}],"line":10},"1":{"loc":{"start":{"line":10,"column":8},"end":{"line":10,"column":54}},"type":"binary-expr","locations":[{"start":{"line":10,"column":8},"end":{"line":10,"column":29}},{"start":{"line":10,"column":33},"end":{"line":10,"column":54}}],"line":10},"2":{"loc":{"start":{"line":12,"column":14},"end":{"line":12,"column":55}},"type":"binary-expr","locations":[{"start":{"line":12,"column":14},"end":{"line":12,"column":35}},{"start":{"line":12,"column":39},"end":{"line":12,"column":55}}],"line":12},"3":{"loc":{"start":{"line":13,"column":14},"end":{"line":13,"column":52}},"type":"binary-expr","locations":[{"start":{"line":13,"column":14},"end":{"line":13,"column":45}},{"start":{"line":13,"column":49},"end":{"line":13,"column":52}}],"line":13},"4":{"loc":{"start":{"line":48,"column":24},"end":{"line":48,"column":75}},"type":"binary-expr","locations":[{"start":{"line":48,"column":24},"end":{"line":48,"column":48}},{"start":{"line":48,"column":52},"end":{"line":48,"column":75}}],"line":48},"5":{"loc":{"start":{"line":51,"column":16},"end":{"line":51,"column":62}},"type":"binary-expr","locations":[{"start":{"line":51,"column":16},"end":{"line":51,"column":43}},{"start":{"line":51,"column":47},"end":{"line":51,"column":62}}],"line":51}},"s":{"0":1,"1":1,"2":0,"3":1,"4":1,"5":0,"6":0,"7":0,"8":0,"9":0,"10":0,"11":0,"12":0,"13":0,"14":0,"15":0,"16":0,"17":0,"18":0},"f":{"0":1,"1":0,"2":0},"b":{"0":[0,1],"1":[1,0],"2":[0,0],"3":[0,0],"4":[0,0],"5":[0,0]},"inputSourceMap":null,"_coverageSchema":"1a1c01bbd47fc00a2c39e90264f33305004495a9","hash":"6a9b3e156182489909ac8a04b003df2bb98e1fad"}
,"C:\\Users\\MARIANA\\Downloads\\ecommerce_entrega_final\\src\\services\\passwordResetService.js": {"path":"C:\\Users\\MARIANA\\Downloads\\ecommerce_entrega_final\\src\\services\\passwordResetService.js","statementMap":{"0":{"start":{"line":5,"column":0},"end":{"line":5,"column":16}},"1":{"start":{"line":7,"column":19},"end":{"line":7,"column":95}},"2":{"start":{"line":8,"column":27},"end":{"line":8,"column":31}},"3":{"start":{"line":13,"column":4},"end":{"line":17,"column":6}},"4":{"start":{"line":22,"column":4},"end":{"line":35,"column":5}},"5":{"start":{"line":23,"column":22},"end":{"line":23,"column":51}},"6":{"start":{"line":25,"column":6},"end":{"line":27,"column":7}},"7":{"start":{"line":26,"column":8},"end":{"line":26,"column":42}},"8":{"start":{"line":29,"column":6},"end":{"line":29,"column":21}},"9":{"start":{"line":31,"column":6},"end":{"line":33,"column":7}},"10":{"start":{"line":32,"column":8},"end":{"line":32,"column":97}},"11":{"start":{"line":34,"column":6},"end":{"line":34,"column":51}},"12":{"start":{"line":40,"column":17},"end":{"line":40,"column":69}},"13":{"start":{"line":41,"column":4},"end":{"line":43,"column":5}},"14":{"start":{"line":42,"column":6},"end":{"line":42,"column":47}},"15":{"start":{"line":45,"column":27},"end":{"line":45,"column":82}},"16":{"start":{"line":46,"column":4},"end":{"line":48,"column":5}},"17":{"start":{"line":47,"column":6},"end":{"line":47,"column":92}},"18":{"start":{"line":50,"column":4},"end":{"line":50,"column":16}},"19":{"start":{"line":56,"column":20},"end":{"line":56,"column":54}},"20":{"start":{"line":59,"column":4},"end":{"line":59,"column":64}},"21":{"start":{"line":62,"column":4},"end":{"line":62,"column":69}},"22":{"start":{"line":64,"column":4},"end":{"line":64,"column":16}}},"fnMap":{"0":{"name":"(anonymous_0)","decl":{"start":{"line":12,"column":2},"end":{"line":12,"column":3}},"loc":{"start":{"line":12,"column":29},"end":{"line":18,"column":3}},"line":12},"1":{"name":"(anonymous_1)","decl":{"start":{"line":21,"column":2},"end":{"line":21,"column":3}},"loc":{"start":{"line":21,"column":32},"end":{"line":36,"column":3}},"line":21},"2":{"name":"(anonymous_2)","decl":{"start":{"line":39,"column":2},"end":{"line":39,"column":3}},"loc":{"start":{"line":39,"column":49},"end":{"line":51,"column":3}},"line":39},"3":{"name":"(anonymous_3)","decl":{"start":{"line":54,"column":2},"end":{"line":54,"column":3}},"loc":{"start":{"line":54,"column":42},"end":{"line":65,"column":3}},"line":54}},"branchMap":{"0":{"loc":{"start":{"line":7,"column":19},"end":{"line":7,"column":95}},"type":"binary-expr","locations":[{"start":{"line":7,"column":19},"end":{"line":7,"column":41}},{"start":{"line":7,"column":45},"end":{"line":7,"column":95}}],"line":7},"1":{"loc":{"start":{"line":25,"column":6},"end":{"line":27,"column":7}},"type":"if","locations":[{"start":{"line":25,"column":6},"end":{"line":27,"column":7}},{"start":{},"end":{}}],"line":25},"2":{"loc":{"start":{"line":31,"column":6},"end":{"line":33,"column":7}},"type":"if","locations":[{"start":{"line":31,"column":6},"end":{"line":33,"column":7}},{"start":{},"end":{}}],"line":31},"3":{"loc":{"start":{"line":41,"column":4},"end":{"line":43,"column":5}},"type":"if","locations":[{"start":{"line":41,"column":4},"end":{"line":43,"column":5}},{"start":{},"end":{}}],"line":41},"4":{"loc":{"start":{"line":46,"column":4},"end":{"line":48,"column":5}},"type":"if","locations":[{"start":{"line":46,"column":4},"end":{"line":48,"column":5}},{"start":{},"end":{}}],"line":46}},"s":{"0":1,"1":1,"2":1,"3":0,"4":0,"5":0,"6":0,"7":0,"8":0,"9":0,"10":0,"11":0,"12":0,"13":0,"14":0,"15":0,"16":0,"17":0,"18":0,"19":0,"20":0,"21":0,"22":0},"f":{"0":0,"1":0,"2":0,"3":0},"b":{"0":[1,0],"1":[0,0],"2":[0,0],"3":[0,0],"4":[0,0]},"inputSourceMap":null,"_coverageSchema":"1a1c01bbd47fc00a2c39e90264f33305004495a9","hash":"dab50ad2fdc457d603629c034e5ed416810fcd9d"}
,"C:\\Users\\MARIANA\\Downloads\\ecommerce_entrega_final\\src\\services\\purchaseService.js": {"path":"C:\\Users\\MARIANA\\Downloads\\ecommerce_entrega_final\\src\\services\\purchaseService.js","statementMap":{"0":{"start":{"line":8,"column":17},"end":{"line":8,"column":66}},"1":{"start":{"line":10,"column":4},"end":{"line":12,"column":5}},"2":{"start":{"line":11,"column":6},"end":{"line":11,"column":47}},"3":{"start":{"line":14,"column":4},"end":{"line":16,"column":5}},"4":{"start":{"line":15,"column":6},"end":{"line":15,"column":47}},"5":{"start":{"line":19,"column":26},"end":{"line":19,"column":66}},"6":{"start":{"line":20,"column":4},"end":{"line":22,"column":5}},"7":{"start":{"line":21,"column":6},"end":{"line":21,"column":47}},"8":{"start":{"line":24,"column":30},"end":{"line":24,"column":32}},"9":{"start":{"line":25,"column":32},"end":{"line":25,"column":34}},"10":{"start":{"line":26,"column":22},"end":{"line":26,"column":23}},"11":{"start":{"line":29,"column":4},"end":{"line":57,"column":5}},"12":{"start":{"line":30,"column":22},"end":{"line":30,"column":34}},"13":{"start":{"line":31,"column":32},"end":{"line":31,"column":45}},"14":{"start":{"line":33,"column":25},"end":{"line":36,"column":7}},"15":{"start":{"line":38,"column":6},"end":{"line":56,"column":7}},"16":{"start":{"line":40,"column":8},"end":{"line":40,"column":78}},"17":{"start":{"line":42,"column":8},"end":{"line":46,"column":11}},"18":{"start":{"line":48,"column":8},"end":{"line":48,"column":57}},"19":{"start":{"line":51,"column":8},"end":{"line":55,"column":11}},"20":{"start":{"line":60,"column":17},"end":{"line":60,"column":21}},"21":{"start":{"line":61,"column":4},"end":{"line":68,"column":5}},"22":{"start":{"line":62,"column":6},"end":{"line":67,"column":9}},"23":{"start":{"line":71,"column":4},"end":{"line":80,"column":5}},"24":{"start":{"line":72,"column":30},"end":{"line":75,"column":9}},"25":{"start":{"line":72,"column":63},"end":{"line":75,"column":7}},"26":{"start":{"line":76,"column":6},"end":{"line":76,"column":63}},"27":{"start":{"line":79,"column":6},"end":{"line":79,"column":45}},"28":{"start":{"line":82,"column":4},"end":{"line":88,"column":6}},"29":{"start":{"line":92,"column":4},"end":{"line":92,"column":67}},"30":{"start":{"line":96,"column":4},"end":{"line":96,"column":58}}},"fnMap":{"0":{"name":"(anonymous_0)","decl":{"start":{"line":7,"column":2},"end":{"line":7,"column":3}},"loc":{"start":{"line":7,"column":43},"end":{"line":89,"column":3}},"line":7},"1":{"name":"(anonymous_1)","decl":{"start":{"line":72,"column":54},"end":{"line":72,"column":55}},"loc":{"start":{"line":72,"column":63},"end":{"line":75,"column":7}},"line":72},"2":{"name":"(anonymous_2)","decl":{"start":{"line":91,"column":2},"end":{"line":91,"column":3}},"loc":{"start":{"line":91,"column":34},"end":{"line":93,"column":3}},"line":91},"3":{"name":"(anonymous_3)","decl":{"start":{"line":95,"column":2},"end":{"line":95,"column":3}},"loc":{"start":{"line":95,"column":32},"end":{"line":97,"column":3}},"line":95}},"branchMap":{"0":{"loc":{"start":{"line":10,"column":4},"end":{"line":12,"column":5}},"type":"if","locations":[{"start":{"line":10,"column":4},"end":{"line":12,"column":5}},{"start":{},"end":{}}],"line":10},"1":{"loc":{"start":{"line":14,"column":4},"end":{"line":16,"column":5}},"type":"if","locations":[{"start":{"line":14,"column":4},"end":{"line":16,"column":5}},{"start":{},"end":{}}],"line":14},"2":{"loc":{"start":{"line":14,"column":8},"end":{"line":14,"column":52}},"type":"binary-expr","locations":[{"start":{"line":14,"column":8},"end":{"line":14,"column":22}},{"start":{"line":14,"column":26},"end":{"line":14,"column":52}}],"line":14},"3":{"loc":{"start":{"line":20,"column":4},"end":{"line":22,"column":5}},"type":"if","locations":[{"start":{"line":20,"column":4},"end":{"line":22,"column":5}},{"start":{},"end":{}}],"line":20},"4":{"loc":{"start":{"line":38,"column":6},"end":{"line":56,"column":7}},"type":"if","locations":[{"start":{"line":38,"column":6},"end":{"line":56,"column":7}},{"start":{"line":49,"column":13},"end":{"line":56,"column":7}}],"line":38},"5":{"loc":{"start":{"line":61,"column":4},"end":{"line":68,"column":5}},"type":"if","locations":[{"start":{"line":61,"column":4},"end":{"line":68,"column":5}},{"start":{},"end":{}}],"line":61},"6":{"loc":{"start":{"line":66,"column":29},"end":{"line":66,"column":86}},"type":"cond-expr","locations":[{"start":{"line":66,"column":62},"end":{"line":66,"column":81}},{"start":{"line":66,"column":84},"end":{"line":66,"column":86}}],"line":66},"7":{"loc":{"start":{"line":71,"column":4},"end":{"line":80,"column":5}},"type":"if","locations":[{"start":{"line":71,"column":4},"end":{"line":80,"column":5}},{"start":{"line":77,"column":11},"end":{"line":80,"column":5}}],"line":71},"8":{"loc":{"start":{"line":73,"column":17},"end":{"line":73,"column":49}},"type":"binary-expr","locations":[{"start":{"line":73,"column":17},"end":{"line":73,"column":33}},{"start":{"line":73,"column":37},"end":{"line":73,"column":49}}],"line":73}},"s":{"0":0,"1":0,"2":0,"3":0,"4":0,"5":0,"6":0,"7":0,"8":0,"9":0,"10":0,"11":0,"12":0,"13":0,"14":0,"15":0,"16":0,"17":0,"18":0,"19":0,"20":0,"21":0,"22":0,"23":0,"24":0,"25":0,"26":0,"27":0,"28":0,"29":0,"30":0},"f":{"0":0,"1":0,"2":0,"3":0},"b":{"0":[0,0],"1":[0,0],"2":[0,0],"3":[0,0],"4":[0,0],"5":[0,0],"6":[0,0],"7":[0,0],"8":[0,0]},"inputSourceMap":null,"_coverageSchema":"1a1c01bbd47fc00a2c39e90264f33305004495a9","hash":"a7d596d4ff32b5097efb6f4272735ef3c8b54074"}
,"C:\\Users\\MARIANA\\Downloads\\ecommerce_entrega_final\\src\\utils\\mockingUtils.js": {"path":"C:\\Users\\MARIANA\\Downloads\\ecommerce_entrega_final\\src\\utils\\mockingUtils.js","statementMap":{"0":{"start":{"line":5,"column":33},"end":{"line":23,"column":1}},"1":{"start":{"line":6,"column":16},"end":{"line":6,"column":18}},"2":{"start":{"line":8,"column":2},"end":{"line":20,"column":3}},"3":{"start":{"line":8,"column":15},"end":{"line":8,"column":16}},"4":{"start":{"line":9,"column":17},"end":{"line":17,"column":5}},"5":{"start":{"line":19,"column":4},"end":{"line":19,"column":21}},"6":{"start":{"line":22,"column":2},"end":{"line":22,"column":15}},"7":{"start":{"line":26,"column":32},"end":{"line":51,"column":1}},"8":{"start":{"line":27,"column":15},"end":{"line":27,"column":17}},"9":{"start":{"line":28,"column":18},"end":{"line":28,"column":61}},"10":{"start":{"line":29,"column":19},"end":{"line":35,"column":3}},"11":{"start":{"line":37,"column":2},"end":{"line":48,"column":3}},"12":{"start":{"line":37,"column":15},"end":{"line":37,"column":16}},"13":{"start":{"line":38,"column":19},"end":{"line":38,"column":54}},"14":{"start":{"line":39,"column":18},"end":{"line":39,"column":45}},"15":{"start":{"line":41,"column":16},"end":{"line":45,"column":5}},"16":{"start":{"line":47,"column":4},"end":{"line":47,"column":19}},"17":{"start":{"line":50,"column":2},"end":{"line":50,"column":14}}},"fnMap":{"0":{"name":"(anonymous_0)","decl":{"start":{"line":5,"column":33},"end":{"line":5,"column":34}},"loc":{"start":{"line":5,"column":47},"end":{"line":23,"column":1}},"line":5},"1":{"name":"(anonymous_1)","decl":{"start":{"line":26,"column":32},"end":{"line":26,"column":33}},"loc":{"start":{"line":26,"column":46},"end":{"line":51,"column":1}},"line":26}},"branchMap":{"0":{"loc":{"start":{"line":39,"column":18},"end":{"line":39,"column":45}},"type":"binary-expr","locations":[{"start":{"line":39,"column":18},"end":{"line":39,"column":34}},{"start":{"line":39,"column":38},"end":{"line":39,"column":45}}],"line":39}},"s":{"0":1,"1":0,"2":0,"3":0,"4":0,"5":0,"6":0,"7":1,"8":0,"9":0,"10":0,"11":0,"12":0,"13":0,"14":0,"15":0,"16":0,"17":0},"f":{"0":0,"1":0},"b":{"0":[0,0]},"inputSourceMap":null,"_coverageSchema":"1a1c01bbd47fc00a2c39e90264f33305004495a9","hash":"95e03648c17f5fce34c22be3a0f55bd62563fb30"}
}
